#
# A fatal error has been detected by the Java Runtime Environment:
#
#  EXCEPTION_ACCESS_VIOLATION (0xc0000005) at pc=0x00007ffc4028d69a, pid=10248, tid=12824
#
# JRE version: OpenJDK Runtime Environment Temurin-17.0.2+8 (17.0.2+8) (build 17.0.2+8)
# Java VM: OpenJDK 64-Bit Server VM Temurin-17.0.2+8 (17.0.2+8, mixed mode, tiered, compressed oops, compressed class ptrs, g1 gc, windows-amd64)
# Problematic frame:
# V  [jvm.dll+0x79d69a]
#
# No core dump will be written. Minidumps are not enabled by default on client versions of Windows
#
# If you would like to submit a bug report, please visit:
#   https://github.com/adoptium/adoptium-support/issues
#

---------------  S U M M A R Y ------------

Command Line: -XX:+ShowCodeDetailsInExceptionMessages -agentlib:jdwp=transport=dt_socket,suspend=y,address=localhost:58501 -ea -javaagent:C:\Users\enolm\eclipse\java 2022-03\eclipse\configuration\org.eclipse.osgi\225\0\.cp\lib\javaagent-shaded.jar -Dfile.encoding=UTF-8 org.eclipse.jdt.internal.junit.runner.RemoteTestRunner -version 3 -port 58500 -testLoaderClass org.eclipse.jdt.internal.junit5.runner.JUnit5TestLoader -loaderpluginname org.eclipse.jdt.junit5.runtime -classNames TEST.ArbolesBinariosTest

Host: 11th Gen Intel(R) Core(TM) i5-11400F @ 2.60GHz, 12 cores, 15G,  Windows 11 , 64 bit Build 22000 (10.0.22000.1219)
Time: Sat Nov 12 00:42:47 2022 Hora estándar romance elapsed time: 1767.713237 seconds (0d 0h 29m 27s)

---------------  T H R E A D  ---------------

Current thread (0x00000176e53c69a0):  JavaThread "JDWP Transport Listener: dt_socket" daemon [_thread_in_vm, id=12824, stack(0x00000019f1f00000,0x00000019f2000000)]

Stack: [0x00000019f1f00000,0x00000019f2000000],  sp=0x00000019f1fff550,  free space=1021k
Native frames: (J=compiled Java code, j=interpreted, Vv=VM code, C=native code)
V  [jvm.dll+0x79d69a]
V  [jvm.dll+0x50842c]
V  [jvm.dll+0x4cfa94]
C  [jdwp.dll+0x22dff]


siginfo: EXCEPTION_ACCESS_VIOLATION (0xc0000005), reading address 0x000000000098000b


Register to memory mapping:

RIP=0x00007ffc4028d69a jvm.dll
RAX=0x0000000000000099 is an unknown value
RBX=0x00000176e50960fd points into unknown readable memory: 73 63 00
RCX=0x0000000000980007 is an unknown value
RDX=0x00000176e688ba30 points into unknown readable memory: 0x5453422f5453424c | 4c 42 53 54 2f 42 53 54
RSP=0x00000019f1fff550 is pointing into the stack for thread: 0x00000176e53c69a0
RBP=0x00000176e52e18b0 points into unknown readable memory: 0x0043005000000002 | 02 00 00 00 50 00 43 00
RSI=0x0 is NULL
RDI=0xffffffffffffffff is an unknown value
R8 =0x0000000000000017 is an unknown value
R9 =0x000000000000001d is an unknown value
R10=0x0 is NULL
R11=0x00000019f1fff570 is pointing into the stack for thread: 0x00000176e53c69a0
R12=0x00000019f1fff6a8 is pointing into the stack for thread: 0x00000176e53c69a0
R13=0x0 is NULL
R14=0x000000080018dc10 is a pointer to class: 
BST.BSTree {0x000000080018dc18}
 - instance size:     2
 - klass size:        72
 - access:            public synchronized 
 - state:             fully_initialized
 - name:              'BST/BSTree'
 - super:             'java/lang/Object'
 - sub:               
 - arrays:            NULL
 - methods:           Array<T>(0x00000176e6282448)
 - method ordering:   Array<T>(0x00000176e648cf98)
 - default_methods:   Array<T>(0x0000000000000000)
 - local interfaces:  Array<T>(0x00000176e4800058)
 - trans. interfaces: Array<T>(0x00000176e4800058)
 - constants:         constant pool [171] {0x00000176e6493198} for 'BST/BSTree' cache=0x00000176e648f7a0
 - class loader data:  loader data: 0x00000176e5209230 for instance a 'jdk/internal/loader/ClassLoaders$AppClassLoader'{0x0000000710a00170}
 - source file:       'BSTree.java'
 - source debug extension:       SMAP
BSTree.java
Java
*S jdt
*F
1 BSTree.java
2 file:/C:/Users/enolm/Desktop/Workspace%20Old/Arboles/bin/
*L
*E

 - class annotations:       Array<T>(0x0000000000000000)
 - class type annotations:  Array<T>(0x0000000000000000)
 - field annotations:       Array<T>(0x0000000000000000)
 - field type annotations:  Array<T>(0x0000000000000000)
 - previous version:  constant pool [152] {0x00000176e6485008} for 'BST/BSTree' (extra) cache=0x00000176e6484b28
 - generic signature: '
[error occurred during error reporting (printing register info), id 0xc0000005, EXCEPTION_ACCESS_VIOLATION (0xc0000005) at pc=0x00007ffc4028e2a6]

Registers:
RAX=0x0000000000000099, RBX=0x00000176e50960fd, RCX=0x0000000000980007, RDX=0x00000176e688ba30
RSP=0x00000019f1fff550, RBP=0x00000176e52e18b0, RSI=0x0000000000000000, RDI=0xffffffffffffffff
R8 =0x0000000000000017, R9 =0x000000000000001d, R10=0x0000000000000000, R11=0x00000019f1fff570
R12=0x00000019f1fff6a8, R13=0x0000000000000000, R14=0x000000080018dc10, R15=0x00000019f1fff6f8
RIP=0x00007ffc4028d69a, EFLAGS=0x0000000000010206

Top of Stack: (sp=0x00000019f1fff550)
0x00000019f1fff550:   000000000000000a 000000080018dc10
0x00000019f1fff560:   00000176e53c69a0 0000000000000000
0x00000019f1fff570:   ffffffffffffffff 00007ffc3fff842c
0x00000019f1fff580:   00000176e50960fd 00000176e50960f0
0x00000019f1fff590:   00000176e52e18b0 00000176e58c09a0
0x00000019f1fff5a0:   00000176e50960d0 00000000000003d8
0x00000019f1fff5b0:   00000176e50960e0 00000176e50964b8
0x00000019f1fff5c0:   0000000000000002 00000019f1fff6a8
0x00000019f1fff5d0:   0000000000000000 0000000000000000
0x00000019f1fff5e0:   0000000710fed680 00007ffc3ffbfa94
0x00000019f1fff5f0:   00000176e53c69a0 00000019f1fff6f8
0x00000019f1fff600:   00000176c373b580 00000019f1fff6f8
0x00000019f1fff610:   00000176e53c69a0 0000000000000000
0x00000019f1fff620:   0000017600000000 0000000000000000
0x00000019f1fff630:   000000000000000d 00007ffc658b2dff
0x00000019f1fff640:   00000019f1fff6f0 00007ffc658c1aa0 

Instructions: (pc=0x00007ffc4028d69a)
0x00007ffc4028d59a:   48 83 c4 20 5f e9 4c 8d 90 ff cc cc cc cc cc cc
0x00007ffc4028d5aa:   cc cc cc cc cc cc 48 89 5c 24 08 57 48 83 ec 20
0x00007ffc4028d5ba:   83 fa 02 8d 42 06 b9 08 00 00 00 49 8b d8 0f 4e
0x00007ffc4028d5ca:   c1 48 63 c8 48 83 c1 07 83 e1 f8 48 63 f9 49 8b
0x00007ffc4028d5da:   48 18 48 8b c7 48 f7 d0 48 3b c1 73 16 4c 8d 05
0x00007ffc4028d5ea:   da 4c 17 00 48 8b d7 48 8b cb e8 57 f0 90 ff 48
0x00007ffc4028d5fa:   8b 4b 18 48 8d 04 39 48 3b 43 20 76 18 45 33 c0
0x00007ffc4028d60a:   48 8b d7 48 8b cb 48 8b 5c 24 30 48 83 c4 20 5f
0x00007ffc4028d61a:   e9 b1 ec 90 ff 48 89 43 18 48 8b c1 48 8b 5c 24
0x00007ffc4028d62a:   30 48 83 c4 20 5f c3 cc cc cc cc cc cc cc cc cc
0x00007ffc4028d63a:   cc cc cc cc cc cc 4c 8b d2 4c 8b d9 45 85 c0 7e
0x00007ffc4028d64a:   3c 44 0f b7 49 04 41 8d 40 ff 41 3b c1 44 0f 4c
0x00007ffc4028d65a:   c8 4d 63 c1 45 85 c9 7e 1f 48 8b c2 4c 2b da 49
0x00007ffc4028d66a:   8b d0 0f 1f 40 00 41 0f b6 4c 03 06 88 08 48 8d
0x00007ffc4028d67a:   40 01 48 83 ea 01 75 ee 43 c6 04 10 00 49 8b c2
0x00007ffc4028d68a:   c3 cc cc cc cc cc 48 89 5c 24 08 57 48 83 ec 20
0x00007ffc4028d69a:   0f b7 59 04 48 8b f9 33 d2 48 8d 4b 01 e8 84 df
0x00007ffc4028d6aa:   f2 ff 0f b7 57 04 4c 8b c0 3b da 0f 42 d3 44 8b
0x00007ffc4028d6ba:   ca 85 d2 74 39 48 2b f8 0f 1f 40 00 66 66 0f 1f
0x00007ffc4028d6ca:   84 00 00 00 00 00 0f b6 4c 07 06 88 08 48 ff c0
0x00007ffc4028d6da:   48 8b c8 49 2b c8 49 3b c9 7c eb 42 c6 04 02 00
0x00007ffc4028d6ea:   49 8b c0 48 8b 5c 24 30 48 83 c4 20 5f c3 48 8b
0x00007ffc4028d6fa:   5c 24 30 c6 04 02 00 48 83 c4 20 5f c3 cc cc cc
0x00007ffc4028d70a:   cc cc cc cc cc cc 4c 8b d1 45 85 c0 7e 6c 44 0f
0x00007ffc4028d71a:   b7 49 04 41 8d 40 ff 41 3b c1 44 0f 4c c8 4d 63
0x00007ffc4028d72a:   d9 45 85 c9 7e 22 48 8b ca 4c 2b d2 4d 8b c3 0f
0x00007ffc4028d73a:   1f 80 00 00 00 00 41 0f b6 44 0a 06 88 01 48 8d
0x00007ffc4028d74a:   49 01 49 83 e8 01 75 ee 41 c6 04 13 00 48 c7 c0
0x00007ffc4028d75a:   ff ff ff ff 66 90 48 ff c0 80 3c 02 00 75 f7 48
0x00007ffc4028d76a:   63 c8 85 c0 48 8b c2 7e 14 80 38 2f 75 03 c6 00
0x00007ffc4028d77a:   2e 48 ff c0 48 83 e9 01 75 ef 48 8b c2 c3 cc cc
0x00007ffc4028d78a:   cc cc cc cc cc cc 48 83 ec 28 e8 f7 fe ff ff 4c 


Stack slot to memory mapping:
stack at sp + 0 slots: 0x000000000000000a is an unknown value
stack at sp + 1 slots: 0x000000080018dc10 is a pointer to class: 
BST.BSTree {0x000000080018dc18}
 - instance size:     2
 - klass size:        72
 - access:            public synchronized 
 - state:             fully_initialized
 - name:              'BST/BSTree'
 - super:             'java/lang/Object'
 - sub:               
 - arrays:            NULL
 - methods:           Array<T>(0x00000176e6282448)
 - method ordering:   Array<T>(0x00000176e648cf98)
 - default_methods:   Array<T>(0x0000000000000000)
 - local interfaces:  Array<T>(0x00000176e4800058)
 - trans. interfaces: Array<T>(0x00000176e4800058)
 - constants:         constant pool [171] {0x00000176e6493198} for 'BST/BSTree' cache=0x00000176e648f7a0
 - class loader data:  loader data: 0x00000176e5209230 for instance a 'jdk/internal/loader/ClassLoaders$AppClassLoader'{0x0000000710a00170}
 - source file:       'BSTree.java'
 - source debug extension:       SMAP
BSTree.java
Java
*S jdt
*F
1 BSTree.java
2 file:/C:/Users/enolm/Desktop/Workspace%20Old/Arboles/bin/
*L
*E

 - class annotations:       Array<T>(0x0000000000000000)
 - class type annotations:  Array<T>(0x0000000000000000)
 - field annotations:       Array<T>(0x0000000000000000)
 - field type annotations:  Array<T>(0x0000000000000000)
 - previous version:  constant pool [152] {0x00000176e6485008} for 'BST/BSTree' (extra) cache=0x00000176e6484b28
 - generic signature: '
[error occurred during error reporting (inspecting top of stack), id 0xc0000005, EXCEPTION_ACCESS_VIOLATION (0xc0000005) at pc=0x00007ffc4028e2a6]


---------------  P R O C E S S  ---------------

Threads class SMR info:
_java_thread_list=0x00000176e5b592c0, length=16, elements={
0x00000176c374e620, 0x00000176e5009b00, 0x00000176e500a3c0, 0x00000176e502e7c0,
0x00000176e504c1d0, 0x00000176e504d320, 0x00000176e504fb30, 0x00000176e5056480,
0x00000176e50575d0, 0x00000176e50947f0, 0x00000176e5216b00, 0x00000176e53c69a0,
0x00000176e5329e10, 0x00000176e532ad10, 0x00000176e58cce10, 0x00000176e5b8fdb0
}

Java Threads: ( => current thread )
  0x00000176c374e620 JavaThread "main" [_thread_blocked, id=11228, stack(0x00000019f0e00000,0x00000019f0f00000)]
  0x00000176e5009b00 JavaThread "Reference Handler" daemon [_thread_blocked, id=9732, stack(0x00000019f1500000,0x00000019f1600000)]
  0x00000176e500a3c0 JavaThread "Finalizer" daemon [_thread_blocked, id=17108, stack(0x00000019f1600000,0x00000019f1700000)]
  0x00000176e502e7c0 JavaThread "Signal Dispatcher" daemon [_thread_blocked, id=9016, stack(0x00000019f1700000,0x00000019f1800000)]
  0x00000176e504c1d0 JavaThread "Attach Listener" daemon [_thread_blocked, id=12620, stack(0x00000019f1800000,0x00000019f1900000)]
  0x00000176e504d320 JavaThread "Service Thread" daemon [_thread_blocked, id=7692, stack(0x00000019f1900000,0x00000019f1a00000)]
  0x00000176e504fb30 JavaThread "Monitor Deflation Thread" daemon [_thread_blocked, id=4144, stack(0x00000019f1a00000,0x00000019f1b00000)]
  0x00000176e5056480 JavaThread "C2 CompilerThread0" daemon [_thread_blocked, id=14836, stack(0x00000019f1b00000,0x00000019f1c00000)]
  0x00000176e50575d0 JavaThread "C1 CompilerThread0" daemon [_thread_blocked, id=12408, stack(0x00000019f1c00000,0x00000019f1d00000)]
  0x00000176e50947f0 JavaThread "Sweeper thread" daemon [_thread_blocked, id=2744, stack(0x00000019f1d00000,0x00000019f1e00000)]
  0x00000176e5216b00 JavaThread "Common-Cleaner" daemon [_thread_blocked, id=11348, stack(0x00000019f1e00000,0x00000019f1f00000)]
=>0x00000176e53c69a0 JavaThread "JDWP Transport Listener: dt_socket" daemon [_thread_in_vm, id=12824, stack(0x00000019f1f00000,0x00000019f2000000)]
  0x00000176e5329e10 JavaThread "JDWP Event Helper Thread" daemon [_thread_blocked, id=17756, stack(0x00000019f2000000,0x00000019f2100000)]
  0x00000176e532ad10 JavaThread "JDWP Command Reader" daemon [_thread_in_native, id=17224, stack(0x00000019f2100000,0x00000019f2200000)]
  0x00000176e58cce10 JavaThread "Notification Thread" daemon [_thread_blocked, id=15744, stack(0x00000019f2200000,0x00000019f2300000)]
  0x00000176e5b8fdb0 JavaThread "ReaderThread" [_thread_in_native, id=16652, stack(0x00000019f2500000,0x00000019f2600000)]

Other Threads:
  0x00000176e465eb50 VMThread "VM Thread" [stack: 0x00000019f1400000,0x00000019f1500000] [id=12748]
  0x00000176e59034f0 WatcherThread [stack: 0x00000019f2300000,0x00000019f2400000] [id=5228]
  0x00000176c379bcc0 GCTaskThread "GC Thread#0" [stack: 0x00000019f0f00000,0x00000019f1000000] [id=8464]
  0x00000176e6845ad0 GCTaskThread "GC Thread#1" [stack: 0x00000019f2600000,0x00000019f2700000] [id=10320]
  0x00000176e6bc0af0 GCTaskThread "GC Thread#2" [stack: 0x00000019f2700000,0x00000019f2800000] [id=368]
  0x00000176e5f3e570 GCTaskThread "GC Thread#3" [stack: 0x00000019f2800000,0x00000019f2900000] [id=13748]
  0x00000176e5f3e820 GCTaskThread "GC Thread#4" [stack: 0x00000019f2900000,0x00000019f2a00000] [id=7328]
  0x00000176e5f3ead0 GCTaskThread "GC Thread#5" [stack: 0x00000019f2a00000,0x00000019f2b00000] [id=14668]
  0x00000176e5e22d40 GCTaskThread "GC Thread#6" [stack: 0x00000019f2b00000,0x00000019f2c00000] [id=15204]
  0x00000176c358bae0 ConcurrentGCThread "G1 Main Marker" [stack: 0x00000019f1000000,0x00000019f1100000] [id=13160]
  0x00000176c358c300 ConcurrentGCThread "G1 Conc#0" [stack: 0x00000019f1100000,0x00000019f1200000] [id=14764]
  0x00000176c381e820 ConcurrentGCThread "G1 Refine#0" [stack: 0x00000019f1200000,0x00000019f1300000] [id=17620]
  0x00000176e44cc360 ConcurrentGCThread "G1 Service" [stack: 0x00000019f1300000,0x00000019f1400000] [id=9656]

Threads with active compile tasks:

VM state: not at safepoint (normal execution)

VM Mutex/Monitor currently owned by a thread: None

Heap address: 0x0000000702400000, size: 4060 MB, Compressed Oops mode: Zero based, Oop shift amount: 3

CDS archive(s) not mapped
Compressed class space mapped at: 0x0000000800000000-0x0000000840000000, reserved size: 1073741824
Narrow klass base: 0x0000000800000000, Narrow klass shift: 0, Narrow klass range: 0x40000000

GC Precious Log:
 CPUs: 12 total, 12 available
 Memory: 16237M
 Large Page Support: Disabled
 NUMA Support: Disabled
 Compressed Oops: Enabled (Zero based)
 Heap Region Size: 2M
 Heap Min Capacity: 8M
 Heap Initial Capacity: 254M
 Heap Max Capacity: 4060M
 Pre-touch: Disabled
 Parallel Workers: 10
 Concurrent Workers: 3
 Concurrent Refinement Workers: 10
 Periodic GC: Disabled

Heap:
 garbage-first heap   total 260096K, used 23007K [0x0000000702400000, 0x0000000800000000)
  region size 2048K, 13 young (26624K), 2 survivors (4096K)
 Metaspace       used 14843K, committed 14976K, reserved 1064960K
  class space    used 1481K, committed 1536K, reserved 1048576K

Heap Regions: E=young(eden), S=young(survivor), O=old, HS=humongous(starts), HC=humongous(continues), CS=collection set, F=free, OA=open archive, CA=closed archive, TAMS=top-at-mark-start (previous, next)
|   0|0x0000000702400000, 0x0000000702400000, 0x0000000702600000|  0%| F|  |TAMS 0x0000000702400000, 0x0000000702400000| Untracked 
|   1|0x0000000702600000, 0x0000000702600000, 0x0000000702800000|  0%| F|  |TAMS 0x0000000702600000, 0x0000000702600000| Untracked 
|   2|0x0000000702800000, 0x0000000702800000, 0x0000000702a00000|  0%| F|  |TAMS 0x0000000702800000, 0x0000000702800000| Untracked 
|   3|0x0000000702a00000, 0x0000000702a00000, 0x0000000702c00000|  0%| F|  |TAMS 0x0000000702a00000, 0x0000000702a00000| Untracked 
|   4|0x0000000702c00000, 0x0000000702c00000, 0x0000000702e00000|  0%| F|  |TAMS 0x0000000702c00000, 0x0000000702c00000| Untracked 
|   5|0x0000000702e00000, 0x0000000702e00000, 0x0000000703000000|  0%| F|  |TAMS 0x0000000702e00000, 0x0000000702e00000| Untracked 
|   6|0x0000000703000000, 0x0000000703000000, 0x0000000703200000|  0%| F|  |TAMS 0x0000000703000000, 0x0000000703000000| Untracked 
|   7|0x0000000703200000, 0x0000000703200000, 0x0000000703400000|  0%| F|  |TAMS 0x0000000703200000, 0x0000000703200000| Untracked 
|   8|0x0000000703400000, 0x0000000703400000, 0x0000000703600000|  0%| F|  |TAMS 0x0000000703400000, 0x0000000703400000| Untracked 
|   9|0x0000000703600000, 0x0000000703600000, 0x0000000703800000|  0%| F|  |TAMS 0x0000000703600000, 0x0000000703600000| Untracked 
|  10|0x0000000703800000, 0x0000000703800000, 0x0000000703a00000|  0%| F|  |TAMS 0x0000000703800000, 0x0000000703800000| Untracked 
|  11|0x0000000703a00000, 0x0000000703a00000, 0x0000000703c00000|  0%| F|  |TAMS 0x0000000703a00000, 0x0000000703a00000| Untracked 
|  12|0x0000000703c00000, 0x0000000703c00000, 0x0000000703e00000|  0%| F|  |TAMS 0x0000000703c00000, 0x0000000703c00000| Untracked 
|  13|0x0000000703e00000, 0x0000000703e00000, 0x0000000704000000|  0%| F|  |TAMS 0x0000000703e00000, 0x0000000703e00000| Untracked 
|  14|0x0000000704000000, 0x0000000704000000, 0x0000000704200000|  0%| F|  |TAMS 0x0000000704000000, 0x0000000704000000| Untracked 
|  15|0x0000000704200000, 0x0000000704200000, 0x0000000704400000|  0%| F|  |TAMS 0x0000000704200000, 0x0000000704200000| Untracked 
|  16|0x0000000704400000, 0x0000000704400000, 0x0000000704600000|  0%| F|  |TAMS 0x0000000704400000, 0x0000000704400000| Untracked 
|  17|0x0000000704600000, 0x0000000704600000, 0x0000000704800000|  0%| F|  |TAMS 0x0000000704600000, 0x0000000704600000| Untracked 
|  18|0x0000000704800000, 0x0000000704800000, 0x0000000704a00000|  0%| F|  |TAMS 0x0000000704800000, 0x0000000704800000| Untracked 
|  19|0x0000000704a00000, 0x0000000704a00000, 0x0000000704c00000|  0%| F|  |TAMS 0x0000000704a00000, 0x0000000704a00000| Untracked 
|  20|0x0000000704c00000, 0x0000000704c00000, 0x0000000704e00000|  0%| F|  |TAMS 0x0000000704c00000, 0x0000000704c00000| Untracked 
|  21|0x0000000704e00000, 0x0000000704e00000, 0x0000000705000000|  0%| F|  |TAMS 0x0000000704e00000, 0x0000000704e00000| Untracked 
|  22|0x0000000705000000, 0x0000000705000000, 0x0000000705200000|  0%| F|  |TAMS 0x0000000705000000, 0x0000000705000000| Untracked 
|  23|0x0000000705200000, 0x0000000705200000, 0x0000000705400000|  0%| F|  |TAMS 0x0000000705200000, 0x0000000705200000| Untracked 
|  24|0x0000000705400000, 0x0000000705400000, 0x0000000705600000|  0%| F|  |TAMS 0x0000000705400000, 0x0000000705400000| Untracked 
|  25|0x0000000705600000, 0x0000000705600000, 0x0000000705800000|  0%| F|  |TAMS 0x0000000705600000, 0x0000000705600000| Untracked 
|  26|0x0000000705800000, 0x0000000705800000, 0x0000000705a00000|  0%| F|  |TAMS 0x0000000705800000, 0x0000000705800000| Untracked 
|  27|0x0000000705a00000, 0x0000000705a00000, 0x0000000705c00000|  0%| F|  |TAMS 0x0000000705a00000, 0x0000000705a00000| Untracked 
|  28|0x0000000705c00000, 0x0000000705c00000, 0x0000000705e00000|  0%| F|  |TAMS 0x0000000705c00000, 0x0000000705c00000| Untracked 
|  29|0x0000000705e00000, 0x0000000705e00000, 0x0000000706000000|  0%| F|  |TAMS 0x0000000705e00000, 0x0000000705e00000| Untracked 
|  30|0x0000000706000000, 0x0000000706000000, 0x0000000706200000|  0%| F|  |TAMS 0x0000000706000000, 0x0000000706000000| Untracked 
|  31|0x0000000706200000, 0x0000000706200000, 0x0000000706400000|  0%| F|  |TAMS 0x0000000706200000, 0x0000000706200000| Untracked 
|  32|0x0000000706400000, 0x0000000706400000, 0x0000000706600000|  0%| F|  |TAMS 0x0000000706400000, 0x0000000706400000| Untracked 
|  33|0x0000000706600000, 0x0000000706600000, 0x0000000706800000|  0%| F|  |TAMS 0x0000000706600000, 0x0000000706600000| Untracked 
|  34|0x0000000706800000, 0x0000000706800000, 0x0000000706a00000|  0%| F|  |TAMS 0x0000000706800000, 0x0000000706800000| Untracked 
|  35|0x0000000706a00000, 0x0000000706a00000, 0x0000000706c00000|  0%| F|  |TAMS 0x0000000706a00000, 0x0000000706a00000| Untracked 
|  36|0x0000000706c00000, 0x0000000706c00000, 0x0000000706e00000|  0%| F|  |TAMS 0x0000000706c00000, 0x0000000706c00000| Untracked 
|  37|0x0000000706e00000, 0x0000000706e00000, 0x0000000707000000|  0%| F|  |TAMS 0x0000000706e00000, 0x0000000706e00000| Untracked 
|  38|0x0000000707000000, 0x0000000707000000, 0x0000000707200000|  0%| F|  |TAMS 0x0000000707000000, 0x0000000707000000| Untracked 
|  39|0x0000000707200000, 0x0000000707200000, 0x0000000707400000|  0%| F|  |TAMS 0x0000000707200000, 0x0000000707200000| Untracked 
|  40|0x0000000707400000, 0x0000000707400000, 0x0000000707600000|  0%| F|  |TAMS 0x0000000707400000, 0x0000000707400000| Untracked 
|  41|0x0000000707600000, 0x0000000707600000, 0x0000000707800000|  0%| F|  |TAMS 0x0000000707600000, 0x0000000707600000| Untracked 
|  42|0x0000000707800000, 0x0000000707800000, 0x0000000707a00000|  0%| F|  |TAMS 0x0000000707800000, 0x0000000707800000| Untracked 
|  43|0x0000000707a00000, 0x0000000707a00000, 0x0000000707c00000|  0%| F|  |TAMS 0x0000000707a00000, 0x0000000707a00000| Untracked 
|  44|0x0000000707c00000, 0x0000000707c00000, 0x0000000707e00000|  0%| F|  |TAMS 0x0000000707c00000, 0x0000000707c00000| Untracked 
|  45|0x0000000707e00000, 0x0000000707e00000, 0x0000000708000000|  0%| F|  |TAMS 0x0000000707e00000, 0x0000000707e00000| Untracked 
|  46|0x0000000708000000, 0x0000000708000000, 0x0000000708200000|  0%| F|  |TAMS 0x0000000708000000, 0x0000000708000000| Untracked 
|  47|0x0000000708200000, 0x0000000708200000, 0x0000000708400000|  0%| F|  |TAMS 0x0000000708200000, 0x0000000708200000| Untracked 
|  48|0x0000000708400000, 0x0000000708400000, 0x0000000708600000|  0%| F|  |TAMS 0x0000000708400000, 0x0000000708400000| Untracked 
|  49|0x0000000708600000, 0x0000000708600000, 0x0000000708800000|  0%| F|  |TAMS 0x0000000708600000, 0x0000000708600000| Untracked 
|  50|0x0000000708800000, 0x0000000708800000, 0x0000000708a00000|  0%| F|  |TAMS 0x0000000708800000, 0x0000000708800000| Untracked 
|  51|0x0000000708a00000, 0x0000000708a00000, 0x0000000708c00000|  0%| F|  |TAMS 0x0000000708a00000, 0x0000000708a00000| Untracked 
|  52|0x0000000708c00000, 0x0000000708c00000, 0x0000000708e00000|  0%| F|  |TAMS 0x0000000708c00000, 0x0000000708c00000| Untracked 
|  53|0x0000000708e00000, 0x0000000708e00000, 0x0000000709000000|  0%| F|  |TAMS 0x0000000708e00000, 0x0000000708e00000| Untracked 
|  54|0x0000000709000000, 0x0000000709000000, 0x0000000709200000|  0%| F|  |TAMS 0x0000000709000000, 0x0000000709000000| Untracked 
|  55|0x0000000709200000, 0x0000000709200000, 0x0000000709400000|  0%| F|  |TAMS 0x0000000709200000, 0x0000000709200000| Untracked 
|  56|0x0000000709400000, 0x0000000709400000, 0x0000000709600000|  0%| F|  |TAMS 0x0000000709400000, 0x0000000709400000| Untracked 
|  57|0x0000000709600000, 0x0000000709600000, 0x0000000709800000|  0%| F|  |TAMS 0x0000000709600000, 0x0000000709600000| Untracked 
|  58|0x0000000709800000, 0x0000000709800000, 0x0000000709a00000|  0%| F|  |TAMS 0x0000000709800000, 0x0000000709800000| Untracked 
|  59|0x0000000709a00000, 0x0000000709a00000, 0x0000000709c00000|  0%| F|  |TAMS 0x0000000709a00000, 0x0000000709a00000| Untracked 
|  60|0x0000000709c00000, 0x0000000709c00000, 0x0000000709e00000|  0%| F|  |TAMS 0x0000000709c00000, 0x0000000709c00000| Untracked 
|  61|0x0000000709e00000, 0x0000000709e00000, 0x000000070a000000|  0%| F|  |TAMS 0x0000000709e00000, 0x0000000709e00000| Untracked 
|  62|0x000000070a000000, 0x000000070a000000, 0x000000070a200000|  0%| F|  |TAMS 0x000000070a000000, 0x000000070a000000| Untracked 
|  63|0x000000070a200000, 0x000000070a200000, 0x000000070a400000|  0%| F|  |TAMS 0x000000070a200000, 0x000000070a200000| Untracked 
|  64|0x000000070a400000, 0x000000070a400000, 0x000000070a600000|  0%| F|  |TAMS 0x000000070a400000, 0x000000070a400000| Untracked 
|  65|0x000000070a600000, 0x000000070a600000, 0x000000070a800000|  0%| F|  |TAMS 0x000000070a600000, 0x000000070a600000| Untracked 
|  66|0x000000070a800000, 0x000000070a800000, 0x000000070aa00000|  0%| F|  |TAMS 0x000000070a800000, 0x000000070a800000| Untracked 
|  67|0x000000070aa00000, 0x000000070aa00000, 0x000000070ac00000|  0%| F|  |TAMS 0x000000070aa00000, 0x000000070aa00000| Untracked 
|  68|0x000000070ac00000, 0x000000070ac00000, 0x000000070ae00000|  0%| F|  |TAMS 0x000000070ac00000, 0x000000070ac00000| Untracked 
|  69|0x000000070ae00000, 0x000000070ae00000, 0x000000070b000000|  0%| F|  |TAMS 0x000000070ae00000, 0x000000070ae00000| Untracked 
|  70|0x000000070b000000, 0x000000070b000000, 0x000000070b200000|  0%| F|  |TAMS 0x000000070b000000, 0x000000070b000000| Untracked 
|  71|0x000000070b200000, 0x000000070b200000, 0x000000070b400000|  0%| F|  |TAMS 0x000000070b200000, 0x000000070b200000| Untracked 
|  72|0x000000070b400000, 0x000000070b400000, 0x000000070b600000|  0%| F|  |TAMS 0x000000070b400000, 0x000000070b400000| Untracked 
|  73|0x000000070b600000, 0x000000070b600000, 0x000000070b800000|  0%| F|  |TAMS 0x000000070b600000, 0x000000070b600000| Untracked 
|  74|0x000000070b800000, 0x000000070b800000, 0x000000070ba00000|  0%| F|  |TAMS 0x000000070b800000, 0x000000070b800000| Untracked 
|  75|0x000000070ba00000, 0x000000070ba00000, 0x000000070bc00000|  0%| F|  |TAMS 0x000000070ba00000, 0x000000070ba00000| Untracked 
|  76|0x000000070bc00000, 0x000000070bc00000, 0x000000070be00000|  0%| F|  |TAMS 0x000000070bc00000, 0x000000070bc00000| Untracked 
|  77|0x000000070be00000, 0x000000070be00000, 0x000000070c000000|  0%| F|  |TAMS 0x000000070be00000, 0x000000070be00000| Untracked 
|  78|0x000000070c000000, 0x000000070c000000, 0x000000070c200000|  0%| F|  |TAMS 0x000000070c000000, 0x000000070c000000| Untracked 
|  79|0x000000070c200000, 0x000000070c200000, 0x000000070c400000|  0%| F|  |TAMS 0x000000070c200000, 0x000000070c200000| Untracked 
|  80|0x000000070c400000, 0x000000070c400000, 0x000000070c600000|  0%| F|  |TAMS 0x000000070c400000, 0x000000070c400000| Untracked 
|  81|0x000000070c600000, 0x000000070c600000, 0x000000070c800000|  0%| F|  |TAMS 0x000000070c600000, 0x000000070c600000| Untracked 
|  82|0x000000070c800000, 0x000000070c800000, 0x000000070ca00000|  0%| F|  |TAMS 0x000000070c800000, 0x000000070c800000| Untracked 
|  83|0x000000070ca00000, 0x000000070ca00000, 0x000000070cc00000|  0%| F|  |TAMS 0x000000070ca00000, 0x000000070ca00000| Untracked 
|  84|0x000000070cc00000, 0x000000070cc00000, 0x000000070ce00000|  0%| F|  |TAMS 0x000000070cc00000, 0x000000070cc00000| Untracked 
|  85|0x000000070ce00000, 0x000000070ce00000, 0x000000070d000000|  0%| F|  |TAMS 0x000000070ce00000, 0x000000070ce00000| Untracked 
|  86|0x000000070d000000, 0x000000070d000000, 0x000000070d200000|  0%| F|  |TAMS 0x000000070d000000, 0x000000070d000000| Untracked 
|  87|0x000000070d200000, 0x000000070d200000, 0x000000070d400000|  0%| F|  |TAMS 0x000000070d200000, 0x000000070d200000| Untracked 
|  88|0x000000070d400000, 0x000000070d400000, 0x000000070d600000|  0%| F|  |TAMS 0x000000070d400000, 0x000000070d400000| Untracked 
|  89|0x000000070d600000, 0x000000070d600000, 0x000000070d800000|  0%| F|  |TAMS 0x000000070d600000, 0x000000070d600000| Untracked 
|  90|0x000000070d800000, 0x000000070d800000, 0x000000070da00000|  0%| F|  |TAMS 0x000000070d800000, 0x000000070d800000| Untracked 
|  91|0x000000070da00000, 0x000000070da00000, 0x000000070dc00000|  0%| F|  |TAMS 0x000000070da00000, 0x000000070da00000| Untracked 
|  92|0x000000070dc00000, 0x000000070dc00000, 0x000000070de00000|  0%| F|  |TAMS 0x000000070dc00000, 0x000000070dc00000| Untracked 
|  93|0x000000070de00000, 0x000000070de00000, 0x000000070e000000|  0%| F|  |TAMS 0x000000070de00000, 0x000000070de00000| Untracked 
|  94|0x000000070e000000, 0x000000070e000000, 0x000000070e200000|  0%| F|  |TAMS 0x000000070e000000, 0x000000070e000000| Untracked 
|  95|0x000000070e200000, 0x000000070e200000, 0x000000070e400000|  0%| F|  |TAMS 0x000000070e200000, 0x000000070e200000| Untracked 
|  96|0x000000070e400000, 0x000000070e400000, 0x000000070e600000|  0%| F|  |TAMS 0x000000070e400000, 0x000000070e400000| Untracked 
|  97|0x000000070e600000, 0x000000070e600000, 0x000000070e800000|  0%| F|  |TAMS 0x000000070e600000, 0x000000070e600000| Untracked 
|  98|0x000000070e800000, 0x000000070e800000, 0x000000070ea00000|  0%| F|  |TAMS 0x000000070e800000, 0x000000070e800000| Untracked 
|  99|0x000000070ea00000, 0x000000070ea00000, 0x000000070ec00000|  0%| F|  |TAMS 0x000000070ea00000, 0x000000070ea00000| Untracked 
| 100|0x000000070ec00000, 0x000000070ec00000, 0x000000070ee00000|  0%| F|  |TAMS 0x000000070ec00000, 0x000000070ec00000| Untracked 
| 101|0x000000070ee00000, 0x000000070ee00000, 0x000000070f000000|  0%| F|  |TAMS 0x000000070ee00000, 0x000000070ee00000| Untracked 
| 102|0x000000070f000000, 0x000000070f000000, 0x000000070f200000|  0%| F|  |TAMS 0x000000070f000000, 0x000000070f000000| Untracked 
| 103|0x000000070f200000, 0x000000070f200000, 0x000000070f400000|  0%| F|  |TAMS 0x000000070f200000, 0x000000070f200000| Untracked 
| 104|0x000000070f400000, 0x000000070f400000, 0x000000070f600000|  0%| F|  |TAMS 0x000000070f400000, 0x000000070f400000| Untracked 
| 105|0x000000070f600000, 0x000000070f600000, 0x000000070f800000|  0%| F|  |TAMS 0x000000070f600000, 0x000000070f600000| Untracked 
| 106|0x000000070f800000, 0x000000070f800000, 0x000000070fa00000|  0%| F|  |TAMS 0x000000070f800000, 0x000000070f800000| Untracked 
| 107|0x000000070fa00000, 0x000000070fa00000, 0x000000070fc00000|  0%| F|  |TAMS 0x000000070fa00000, 0x000000070fa00000| Untracked 
| 108|0x000000070fc00000, 0x000000070fc00000, 0x000000070fe00000|  0%| F|  |TAMS 0x000000070fc00000, 0x000000070fc00000| Untracked 
| 109|0x000000070fe00000, 0x000000070fe00000, 0x0000000710000000|  0%| F|  |TAMS 0x000000070fe00000, 0x000000070fe00000| Untracked 
| 110|0x0000000710000000, 0x0000000710000000, 0x0000000710200000|  0%| F|  |TAMS 0x0000000710000000, 0x0000000710000000| Untracked 
| 111|0x0000000710200000, 0x0000000710200000, 0x0000000710400000|  0%| F|  |TAMS 0x0000000710200000, 0x0000000710200000| Untracked 
| 112|0x0000000710400000, 0x0000000710400000, 0x0000000710600000|  0%| F|  |TAMS 0x0000000710400000, 0x0000000710400000| Untracked 
| 113|0x0000000710600000, 0x0000000710600000, 0x0000000710800000|  0%| F|  |TAMS 0x0000000710600000, 0x0000000710600000| Untracked 
| 114|0x0000000710800000, 0x0000000710877fd0, 0x0000000710a00000| 23%| S|CS|TAMS 0x0000000710800000, 0x0000000710800000| Complete 
| 115|0x0000000710a00000, 0x0000000710c00000, 0x0000000710c00000|100%| S|CS|TAMS 0x0000000710a00000, 0x0000000710a00000| Complete 
| 116|0x0000000710c00000, 0x0000000710ddea70, 0x0000000710e00000| 93%| E|  |TAMS 0x0000000710c00000, 0x0000000710c00000| Complete 
| 117|0x0000000710e00000, 0x0000000711000000, 0x0000000711000000|100%| E|CS|TAMS 0x0000000710e00000, 0x0000000710e00000| Complete 
| 118|0x0000000711000000, 0x0000000711200000, 0x0000000711200000|100%| E|CS|TAMS 0x0000000711000000, 0x0000000711000000| Complete 
| 119|0x0000000711200000, 0x0000000711400000, 0x0000000711400000|100%| E|CS|TAMS 0x0000000711200000, 0x0000000711200000| Complete 
| 120|0x0000000711400000, 0x0000000711600000, 0x0000000711600000|100%| E|CS|TAMS 0x0000000711400000, 0x0000000711400000| Complete 
| 121|0x0000000711600000, 0x0000000711800000, 0x0000000711800000|100%| E|CS|TAMS 0x0000000711600000, 0x0000000711600000| Complete 
| 122|0x0000000711800000, 0x0000000711a00000, 0x0000000711a00000|100%| E|CS|TAMS 0x0000000711800000, 0x0000000711800000| Complete 
| 123|0x0000000711a00000, 0x0000000711c00000, 0x0000000711c00000|100%| E|CS|TAMS 0x0000000711a00000, 0x0000000711a00000| Complete 
| 124|0x0000000711c00000, 0x0000000711e00000, 0x0000000711e00000|100%| E|CS|TAMS 0x0000000711c00000, 0x0000000711c00000| Complete 
| 125|0x0000000711e00000, 0x0000000712000000, 0x0000000712000000|100%| E|CS|TAMS 0x0000000711e00000, 0x0000000711e00000| Complete 
| 126|0x0000000712000000, 0x0000000712200000, 0x0000000712200000|100%| E|CS|TAMS 0x0000000712000000, 0x0000000712000000| Complete 

Card table byte_map: [0x00000176d8a70000,0x00000176d9260000] _byte_map_base: 0x00000176d525e000

Marking Bits (Prev, Next): (CMBitMap*) 0x00000176c358aa40, (CMBitMap*) 0x00000176c358aa80
 Prev Bits: [0x00000176d9a50000, 0x00000176dd9c0000)
 Next Bits: [0x00000176dd9c0000, 0x00000176e1930000)

Polling page: 0x00000176c85b0000

Metaspace:

Usage:
  Non-class:     13.05 MB used.
      Class:      1.45 MB used.
       Both:     14.50 MB used.

Virtual space:
  Non-class space:       16.00 MB reserved,      13.12 MB ( 82%) committed,  2 nodes.
      Class space:        1.00 GB reserved,       1.50 MB ( <1%) committed,  1 nodes.
             Both:        1.02 GB reserved,      14.62 MB (  1%) committed. 

Chunk freelists:
   Non-Class:  2.42 MB
       Class:  2.45 MB
        Both:  4.87 MB

MaxMetaspaceSize: unlimited
CompressedClassSpaceSize: 1.00 GB
Initial GC threshold: 21.00 MB
Current GC threshold: 21.00 MB
CDS: off
MetaspaceReclaimPolicy: balanced
 - commit_granule_bytes: 65536.
 - commit_granule_words: 8192.
 - virtual_space_node_default_size: 1048576.
 - enlarge_chunks_in_place: 1.
 - new_chunks_are_fully_committed: 0.
 - uncommit_free_chunks: 1.
 - use_allocation_guard: 0.
 - handle_deallocations: 1.


Internal statistics:

num_allocs_failed_limit: 0.
num_arena_births: 78.
num_arena_deaths: 0.
num_vsnodes_births: 3.
num_vsnodes_deaths: 0.
num_space_committed: 234.
num_space_uncommitted: 0.
num_chunks_returned_to_freelist: 0.
num_chunks_taken_from_freelist: 275.
num_chunk_merges: 0.
num_chunk_splits: 140.
num_chunks_enlarged: 91.
num_purges: 0.
num_inconsistent_stats: 0.

CodeHeap 'non-profiled nmethods': size=120000Kb used=530Kb max_used=530Kb free=119469Kb
 bounds [0x00000176d00a0000, 0x00000176d0310000, 0x00000176d75d0000]
CodeHeap 'profiled nmethods': size=120000Kb used=3009Kb max_used=3009Kb free=116991Kb
 bounds [0x00000176c8b70000, 0x00000176c8e70000, 0x00000176d00a0000]
CodeHeap 'non-nmethods': size=5760Kb used=1236Kb max_used=1254Kb free=4524Kb
 bounds [0x00000176c85d0000, 0x00000176c8840000, 0x00000176c8b70000]
 total_blobs=1883 nmethods=1436 adapters=360
 compilation: enabled
              stopped_count=0, restarted_count=0
 full_count=0

Compilation events (20 events):
Event: 0.696 Thread 0x00000176c374f290 1428       4       java.lang.String::replace (42 bytes)
Event: 0.696 Thread 0x00000176e50575d0 1429       3       org.junit.platform.commons.util.Preconditions::condition (14 bytes)
Event: 0.696 Thread 0x00000176e50575d0 nmethod 1429 0x00000176c8e5ac10 code [0x00000176c8e5adc0, 0x00000176c8e5afc8]
Event: 0.696 Thread 0x00000176e50575d0 1430       3       java.lang.String::valueOf (15 bytes)
Event: 0.697 Thread 0x00000176e50575d0 nmethod 1430 0x00000176c8e5b110 code [0x00000176c8e5b2c0, 0x00000176c8e5b4e8]
Event: 0.697 Thread 0x00000176e50575d0 1431       3       java.util.Collections$SetFromMap::add (22 bytes)
Event: 0.697 Thread 0x00000176e50575d0 nmethod 1431 0x00000176c8e5b590 code [0x00000176c8e5b740, 0x00000176c8e5b988]
Event: 0.698 Thread 0x00000176e5056480 1432       4       java.util.Objects::requireNonNull (15 bytes)
Event: 0.698 Thread 0x00000176e5056480 nmethod 1432 0x00000176d0123810 code [0x00000176d0123980, 0x00000176d01239f8]
Event: 0.698 Thread 0x00000176e50575d0 1433   !   3       jdk.internal.loader.Resource::getBytes (244 bytes)
Event: 0.699 Thread 0x00000176e50575d0 nmethod 1433 0x00000176c8e5ba90 code [0x00000176c8e5bda0, 0x00000176c8e5d3e8]
Event: 0.704 Thread 0x00000176e50575d0 1434       3       java.lang.invoke.DirectMethodHandle::make (275 bytes)
Event: 0.704 Thread 0x00000176c374f290 nmethod 1428 0x00000176d0123b10 code [0x00000176d0123ca0, 0x00000176d0124278]
Event: 0.705 Thread 0x00000176e50575d0 nmethod 1434 0x00000176c8e5dd90 code [0x00000176c8e5e120, 0x00000176c8e5f618]
Event: 0.705 Thread 0x00000176e50575d0 1435       3       java.lang.invoke.MemberName::isField (8 bytes)
Event: 0.705 Thread 0x00000176e50575d0 nmethod 1435 0x00000176c8e5ff10 code [0x00000176c8e600c0, 0x00000176c8e602f8]
Event: 946.963 Thread 0x00000176e5056480 1436       4       org.eclipse.jdt.launching.internal.org.objectweb.asm.ByteVector::putByteArray (49 bytes)
Event: 946.967 Thread 0x00000176e5056480 

Event: 1700.264 Thread 0x00000176e5056480 1438 %     4       org.eclipse.jdt.launching.internal.org.objectweb.asm.ClassReader::<init> @ 110 (371 bytes)
Event: 1700.273 Thread 0x00000176e5056480 


GC Heap History (2 events):
Event: 0.505 GC heap before
{Heap before GC invocations=0 (full 0):
 garbage-first heap   total 260096K, used 22528K [0x0000000702400000, 0x0000000800000000)
  region size 2048K, 11 young (22528K), 0 survivors (0K)
 Metaspace       used 11845K, committed 11968K, reserved 1064960K
  class space    used 1079K, committed 1152K, reserved 1048576K
}
Event: 0.507 GC heap after
{Heap after GC invocations=1 (full 0):
 garbage-first heap   total 260096K, used 2527K [0x0000000702400000, 0x0000000800000000)
  region size 2048K, 2 young (4096K), 2 survivors (4096K)
 Metaspace       used 11845K, committed 11968K, reserved 1064960K
  class space    used 1079K, committed 1152K, reserved 1048576K
}

Deoptimization events (20 events):
Event: 0.657 Thread 0x00000176c374e620 DEOPT PACKING pc=0x00000176c8c75158 sp=0x00000019f0efc7d0
Event: 0.657 Thread 0x00000176c374e620 DEOPT UNPACKING pc=0x00000176c8626763 sp=0x00000019f0efbc60 mode 0
Event: 0.686 Thread 0x00000176c374e620 Uncommon trap: trap_request=0xffffffde fr.pc=0x00000176d01215c8 relative=0x0000000000000128
Event: 0.686 Thread 0x00000176c374e620 Uncommon trap: reason=class_check action=maybe_recompile pc=0x00000176d01215c8 method=jdk.internal.misc.Unsafe.allocateUninitializedArray(Ljava/lang/Class;I)Ljava/lang/Object; @ 51 c2
Event: 0.686 Thread 0x00000176c374e620 DEOPT PACKING pc=0x00000176d01215c8 sp=0x00000019f0efa620
Event: 0.686 Thread 0x00000176c374e620 DEOPT UNPACKING pc=0x00000176c8625c23 sp=0x00000019f0efa5a8 mode 2
Event: 0.686 Thread 0x00000176c374e620 Uncommon trap: trap_request=0xffffffde fr.pc=0x00000176d01215c8 relative=0x0000000000000128
Event: 0.686 Thread 0x00000176c374e620 Uncommon trap: reason=class_check action=maybe_recompile pc=0x00000176d01215c8 method=jdk.internal.misc.Unsafe.allocateUninitializedArray(Ljava/lang/Class;I)Ljava/lang/Object; @ 51 c2
Event: 0.686 Thread 0x00000176c374e620 DEOPT PACKING pc=0x00000176d01215c8 sp=0x00000019f0efa6d0
Event: 0.686 Thread 0x00000176c374e620 DEOPT UNPACKING pc=0x00000176c8625c23 sp=0x00000019f0efa658 mode 2
Event: 0.686 Thread 0x00000176c374e620 Uncommon trap: trap_request=0xffffffde fr.pc=0x00000176d01215c8 relative=0x0000000000000128
Event: 0.686 Thread 0x00000176c374e620 Uncommon trap: reason=class_check action=maybe_recompile pc=0x00000176d01215c8 method=jdk.internal.misc.Unsafe.allocateUninitializedArray(Ljava/lang/Class;I)Ljava/lang/Object; @ 51 c2
Event: 0.686 Thread 0x00000176c374e620 DEOPT PACKING pc=0x00000176d01215c8 sp=0x00000019f0efa490
Event: 0.686 Thread 0x00000176c374e620 DEOPT UNPACKING pc=0x00000176c8625c23 sp=0x00000019f0efa418 mode 2
Event: 0.686 Thread 0x00000176c374e620 Uncommon trap: trap_request=0xffffffde fr.pc=0x00000176d01215c8 relative=0x0000000000000128
Event: 0.686 Thread 0x00000176c374e620 Uncommon trap: reason=class_check action=maybe_recompile pc=0x00000176d01215c8 method=jdk.internal.misc.Unsafe.allocateUninitializedArray(Ljava/lang/Class;I)Ljava/lang/Object; @ 51 c2
Event: 0.686 Thread 0x00000176c374e620 DEOPT PACKING pc=0x00000176d01215c8 sp=0x00000019f0efa150
Event: 0.686 Thread 0x00000176c374e620 DEOPT UNPACKING pc=0x00000176c8625c23 sp=0x00000019f0efa0d8 mode 2
Event: 0.687 Thread 0x00000176c374e620 DEOPT PACKING pc=0x00000176c8c183fb sp=0x00000019f0efa450
Event: 0.687 Thread 0x00000176c374e620 DEOPT UNPACKING pc=0x00000176c8626763 sp=0x00000019f0ef9978 mode 0

Classes unloaded (0 events):
No events

Classes redefined (20 events):
Event: 485.002 Thread 0x00000176e465eb50 redefined class name=BST.BSTree, count=9
Event: 581.462 Thread 0x00000176e465eb50 redefined class name=TEST.ArbolesBinariosTest, count=1
Event: 600.527 Thread 0x00000176e465eb50 redefined class name=TEST.ArbolesBinariosTest, count=2
Event: 720.845 Thread 0x00000176e465eb50 redefined class name=BST.BSTree, count=10
Event: 726.656 Thread 0x00000176e465eb50 redefined class name=BST.BSTree, count=11
Event: 744.229 Thread 0x00000176e465eb50 redefined class name=BST.BSTree, count=12
Event: 757.336 Thread 0x00000176e465eb50 redefined class name=BST.BSTree, count=13
Event: 946.965 Thread 0x00000176e465eb50 redefined class name=BST.BSTree, count=14
Event: 1089.349 Thread 0x00000176e465eb50 redefined class name=BST.BSTree, count=15
Event: 1100.356 Thread 0x00000176e465eb50 redefined class name=BST.BSTree, count=16
Event: 1129.754 Thread 0x00000176e465eb50 redefined class name=BST.BSTree, count=17
Event: 1140.092 Thread 0x00000176e465eb50 redefined class name=BST.BSTree, count=18
Event: 1165.530 Thread 0x00000176e465eb50 redefined class name=BST.BSTree, count=19
Event: 1227.603 Thread 0x00000176e465eb50 redefined class name=BST.BSTree, count=20
Event: 1266.466 Thread 0x00000176e465eb50 redefined class name=BST.BSTree, count=21
Event: 1368.128 Thread 0x00000176e465eb50 redefined class name=BST.BSTree, count=22
Event: 1464.124 Thread 0x00000176e465eb50 redefined class name=BST.BSTree, count=23
Event: 1515.242 Thread 0x00000176e465eb50 redefined class name=BST.BSTree, count=24
Event: 1700.266 Thread 0x00000176e465eb50 redefined class name=BST.BSTree, count=25
Event: 1719.723 Thread 0x00000176e465eb50 redefined class name=BST.BSTree, count=26

Internal exceptions (20 events):
Event: 0.498 Thread 0x00000176c374e620 Exception <a 'java/lang/IncompatibleClassChangeError'{0x0000000710d31198}: Found class java.lang.Object, but interface was expected> (0x0000000710d31198) 
thrown [e:\jenkins\tmp\workspace\build\src\src\hotspot\share\interpreter\linkResolver.cpp, line 833]
Event: 0.512 Thread 0x00000176c374e620 Exception <a 'java/lang/NoSuchMethodError'{0x00000007120bc6a0}: 'java.lang.Object java.lang.invoke.DirectMethodHandle$Holder.invokeStaticInit(java.lang.Object, java.lang.Object, java.lang.Object)'> (0x00000007120bc6a0) 
thrown [e:\jenkins\tmp\workspace\build\src\src\hotspot\share\interpreter\linkResolver.cpp, line 766]
Event: 0.512 Thread 0x00000176c374e620 Exception <a 'java/lang/NoSuchMethodError'{0x00000007120c3958}: 'void java.lang.invoke.DirectMethodHandle$Holder.invokeStaticInit(java.lang.Object, java.lang.Object, java.lang.Object)'> (0x00000007120c3958) 
thrown [e:\jenkins\tmp\workspace\build\src\src\hotspot\share\interpreter\linkResolver.cpp, line 766]
Event: 0.525 Thread 0x00000176c374e620 Exception <a 'java/lang/NoSuchMethodError'{0x0000000712173bc0}: 'java.lang.Object java.lang.invoke.DirectMethodHandle$Holder.newInvokeSpecial(java.lang.Object, java.lang.Object, java.lang.Object, java.lang.Object, java.lang.Object)'> (0x0000000712173bc0) 
thrown [e:\jenkins\tmp\workspace\build\src\src\hotspot\share\interpreter\linkResolver.cpp, line 766]
Event: 0.539 Thread 0x00000176c374e620 Exception <a 'java/lang/NoSuchMethodError'{0x0000000711f856e0}: 'void java.lang.invoke.DirectMethodHandle$Holder.invokeInterface(java.lang.Object, java.lang.Object, java.lang.Object)'> (0x0000000711f856e0) 
thrown [e:\jenkins\tmp\workspace\build\src\src\hotspot\share\interpreter\linkResolver.cpp, line 766]
Event: 0.539 Thread 0x00000176c374e620 Exception <a 'java/lang/IncompatibleClassChangeError'{0x0000000711f88d48}: Found class java.lang.Object, but interface was expected> (0x0000000711f88d48) 
thrown [e:\jenkins\tmp\workspace\build\src\src\hotspot\share\interpreter\linkResolver.cpp, line 833]
Event: 0.545 Thread 0x00000176c374e620 Exception <a 'java/lang/NoSuchMethodError'{0x0000000711c6b7d0}: 'java.lang.Object java.lang.invoke.DirectMethodHandle$Holder.invokeStatic(java.lang.Object, java.lang.Object, int)'> (0x0000000711c6b7d0) 
thrown [e:\jenkins\tmp\workspace\build\src\src\hotspot\share\interpreter\linkResolver.cpp, line 766]
Event: 0.590 Thread 0x00000176c374e620 Exception <a 'java/lang/NoSuchMethodError'{0x00000007119c18c0}: 'java.lang.Object java.lang.invoke.DirectMethodHandle$Holder.invokeInterface(java.lang.Object, java.lang.Object)'> (0x00000007119c18c0) 
thrown [e:\jenkins\tmp\workspace\build\src\src\hotspot\share\interpreter\linkResolver.cpp, line 766]
Event: 0.590 Thread 0x00000176c374e620 Exception <a 'java/lang/IncompatibleClassChangeError'{0x00000007119c5360}: Found class java.lang.Object, but interface was expected> (0x00000007119c5360) 
thrown [e:\jenkins\tmp\workspace\build\src\src\hotspot\share\interpreter\linkResolver.cpp, line 833]
Event: 0.610 Thread 0x00000176c374e620 Exception <a 'java/lang/NoSuchMethodError'{0x00000007117b75b0}: 'java.lang.Object java.lang.invoke.DirectMethodHandle$Holder.invokeSpecialIFC(java.lang.Object, java.lang.Object, java.lang.Object, java.lang.Object)'> (0x00000007117b75b0) 
thrown [e:\jenkins\tmp\workspace\build\src\src\hotspot\share\interpreter\linkResolver.cpp, line 766]
Event: 0.618 Thread 0x00000176c374e620 Exception <a 'java/lang/NoSuchMethodError'{0x000000071145c110}: 'int java.lang.invoke.DirectMethodHandle$Holder.invokeStatic(java.lang.Object, java.lang.Object, java.lang.Object, java.lang.Object)'> (0x000000071145c110) 
thrown [e:\jenkins\tmp\workspace\build\src\src\hotspot\share\interpreter\linkResolver.cpp, line 766]
Event: 0.622 Thread 0x00000176c374e620 Exception <a 'java/lang/NoSuchMethodError'{0x000000071149cf08}: 'void java.lang.invoke.DirectMethodHandle$Holder.invokeSpecial(java.lang.Object, java.lang.Object, java.lang.Object, java.lang.Object, java.lang.Object)'> (0x000000071149cf08) 
thrown [e:\jenkins\tmp\workspace\build\src\src\hotspot\share\interpreter\linkResolver.cpp, line 766]
Event: 0.634 Thread 0x00000176c374e620 Exception <a 'java/lang/NoSuchMethodError'{0x000000071154d3c0}: 'java.lang.Object java.lang.invoke.DirectMethodHandle$Holder.newInvokeSpecial(java.lang.Object, java.lang.Object, int)'> (0x000000071154d3c0) 
thrown [e:\jenkins\tmp\workspace\build\src\src\hotspot\share\interpreter\linkResolver.cpp, line 766]
Event: 0.641 Thread 0x00000176c374e620 Exception <a 'java/lang/NoSuchMethodError'{0x00000007115c11f0}: 'void java.lang.invoke.DirectMethodHandle$Holder.invokeInterface(java.lang.Object, java.lang.Object, java.lang.Object, java.lang.Object)'> (0x00000007115c11f0) 
thrown [e:\jenkins\tmp\workspace\build\src\src\hotspot\share\interpreter\linkResolver.cpp, line 766]
Event: 0.641 Thread 0x00000176c374e620 Exception <a 'java/lang/IncompatibleClassChangeError'{0x00000007115c4b18}: Found class java.lang.Object, but interface was expected> (0x00000007115c4b18) 
thrown [e:\jenkins\tmp\workspace\build\src\src\hotspot\share\interpreter\linkResolver.cpp, line 833]
Event: 0.643 Thread 0x00000176c374e620 Exception <a 'java/lang/NoSuchMethodError'{0x00000007115e9438}: 'void java.lang.invoke.DirectMethodHandle$Holder.invokeStatic(java.lang.Object, java.lang.Object, java.lang.Object, java.lang.Object)'> (0x00000007115e9438) 
thrown [e:\jenkins\tmp\workspace\build\src\src\hotspot\share\interpreter\linkResolver.cpp, line 766]
Event: 0.651 Thread 0x00000176c374e620 Exception <a 'java/lang/NoSuchMethodError'{0x00000007112cda08}: 'java.lang.Object java.lang.invoke.Invokers$Holder.invokeExact_MT(java.lang.Object, java.lang.Object, java.lang.Object, java.lang.Object, java.lang.Object, java.lang.Object)'> (0x00000007112cda08) 
thrown [e:\jenkins\tmp\workspace\build\src\src\hotspot\share\interpreter\linkResolver.cpp, line 766]
Event: 0.652 Thread 0x00000176c374e620 Exception <a 'java/lang/NoSuchMethodError'{0x00000007112de1b8}: 'int java.lang.invoke.DirectMethodHandle$Holder.invokeStatic(java.lang.Object, java.lang.Object, java.lang.Object, java.lang.Object, java.lang.Object)'> (0x00000007112de1b8) 
thrown [e:\jenkins\tmp\workspace\build\src\src\hotspot\share\interpreter\linkResolver.cpp, line 766]
Event: 0.656 Thread 0x00000176c374e620 Exception <a 'java/lang/NoSuchMethodError'{0x0000000711355a68}: 'void java.lang.invoke.DirectMethodHandle$Holder.invokeStaticInit(java.lang.Object)'> (0x0000000711355a68) 
thrown [e:\jenkins\tmp\workspace\build\src\src\hotspot\share\interpreter\linkResolver.cpp, line 766]
Event: 0.695 Thread 0x00000176c374e620 Exception <a 'java/lang/NoSuchMethodError'{0x0000000710fb8e68}: 'int java.lang.invoke.DirectMethodHandle$Holder.invokeSpecial(java.lang.Object, java.lang.Object, java.lang.Object, java.lang.Object)'> (0x0000000710fb8e68) 
thrown [e:\jenkins\tmp\workspace\build\src\src\hotspot\share\interpreter\linkResolver.cpp, line 766]

VM Operations (20 events):
Event: 1368.127 Executing VM operation: RedefineClasses
Event: 1368.130 Executing VM operation: RedefineClasses done
Event: 1368.135 Executing VM operation: ChangeBreakpoints
Event: 1368.136 Executing VM operation: ChangeBreakpoints done
Event: 1464.123 Executing VM operation: RedefineClasses
Event: 1464.127 Executing VM operation: RedefineClasses done
Event: 1464.131 Executing VM operation: ChangeBreakpoints
Event: 1464.132 Executing VM operation: ChangeBreakpoints done
Event: 1515.241 Executing VM operation: RedefineClasses
Event: 1515.245 Executing VM operation: RedefineClasses done
Event: 1515.249 Executing VM operation: ChangeBreakpoints
Event: 1515.250 Executing VM operation: ChangeBreakpoints done
Event: 1700.264 Executing VM operation: RedefineClasses
Event: 1700.269 Executing VM operation: RedefineClasses done
Event: 1700.274 Executing VM operation: ChangeBreakpoints
Event: 1700.274 Executing VM operation: ChangeBreakpoints done
Event: 1719.721 Executing VM operation: RedefineClasses
Event: 1719.725 Executing VM operation: RedefineClasses done
Event: 1719.730 Executing VM operation: ChangeBreakpoints
Event: 1719.730 Executing VM operation: ChangeBreakpoints done

Events (20 events):
Event: 0.680 loading class java/util/concurrent/ForkJoinPool$WorkQueue done
Event: 0.680 loading class java/util/concurrent/CompletableFuture$Completion
Event: 0.680 loading class java/util/concurrent/CompletableFuture$AsynchronousCompletionTask
Event: 0.680 loading class java/util/concurrent/CompletableFuture$AsynchronousCompletionTask done
Event: 0.680 loading class java/util/concurrent/ForkJoinTask
Event: 0.680 loading class java/util/concurrent/ForkJoinTask done
Event: 0.680 loading class java/util/concurrent/CompletableFuture$Completion done
Event: 0.684 loading class java/lang/ThreadLocal$SuppliedThreadLocal
Event: 0.684 loading class java/lang/ThreadLocal$SuppliedThreadLocal done
Event: 0.684 loading class java/util/stream/Streams$ConcatSpliterator$OfRef
Event: 0.684 loading class java/util/stream/Streams$ConcatSpliterator
Event: 0.684 loading class java/util/stream/Streams$ConcatSpliterator done
Event: 0.684 loading class java/util/stream/Streams$ConcatSpliterator$OfRef done
Event: 0.684 loading class java/util/stream/Streams$2
Event: 0.685 loading class java/util/stream/Streams$2 done
Event: 0.697 loading class sun/nio/ch/IOStatus
Event: 0.697 loading class sun/nio/ch/IOStatus done
Event: 0.698 loading class java/lang/reflect/InvocationTargetException
Event: 0.698 loading class java/lang/reflect/InvocationTargetException done
Event: 5.719 Thread 0x00000176c374f290 Thread exited: 0x00000176c374f290


Dynamic libraries:
0x00007ff6bcc80000 - 0x00007ff6bcc8e000 	C:\Users\enolm\eclipse\java 2022-03\eclipse\plugins\org.eclipse.justj.openjdk.hotspot.jre.full.win32.x86_64_17.0.2.v20220201-1208\jre\bin\javaw.exe
0x00007ffccc5e0000 - 0x00007ffccc7e9000 	C:\WINDOWS\SYSTEM32\ntdll.dll
0x00007ffccb2e0000 - 0x00007ffccb39e000 	C:\WINDOWS\System32\KERNEL32.DLL
0x00007ffcc9c50000 - 0x00007ffcc9fcb000 	C:\WINDOWS\System32\KERNELBASE.dll
0x00007ffcc9fd0000 - 0x00007ffcca0e1000 	C:\WINDOWS\System32\ucrtbase.dll
0x00007ffc8d250000 - 0x00007ffc8d268000 	C:\Users\enolm\eclipse\java 2022-03\eclipse\plugins\org.eclipse.justj.openjdk.hotspot.jre.full.win32.x86_64_17.0.2.v20220201-1208\jre\bin\jli.dll
0x00007ffc7be70000 - 0x00007ffc7be89000 	C:\Users\enolm\eclipse\java 2022-03\eclipse\plugins\org.eclipse.justj.openjdk.hotspot.jre.full.win32.x86_64_17.0.2.v20220201-1208\jre\bin\VCRUNTIME140.dll
0x00007ffccc390000 - 0x00007ffccc53d000 	C:\WINDOWS\System32\USER32.dll
0x00007ffcca190000 - 0x00007ffcca1b6000 	C:\WINDOWS\System32\win32u.dll
0x00007ffcb59a0000 - 0x00007ffcb5c45000 	C:\WINDOWS\WinSxS\amd64_microsoft.windows.common-controls_6595b64144ccf1df_6.0.22000.120_none_9d947278b86cc467\COMCTL32.dll
0x00007ffccc100000 - 0x00007ffccc129000 	C:\WINDOWS\System32\GDI32.dll
0x00007ffccb0f0000 - 0x00007ffccb193000 	C:\WINDOWS\System32\msvcrt.dll
0x00007ffcc9ab0000 - 0x00007ffcc9bc8000 	C:\WINDOWS\System32\gdi32full.dll
0x00007ffcca0f0000 - 0x00007ffcca18d000 	C:\WINDOWS\System32\msvcp_win.dll
0x00007ffccb3a0000 - 0x00007ffccb3d2000 	C:\WINDOWS\System32\IMM32.DLL
0x00007ffcbb410000 - 0x00007ffcbb41c000 	C:\Users\enolm\eclipse\java 2022-03\eclipse\plugins\org.eclipse.justj.openjdk.hotspot.jre.full.win32.x86_64_17.0.2.v20220201-1208\jre\bin\vcruntime140_1.dll
0x00007ffc64450000 - 0x00007ffc644e1000 	C:\Users\enolm\eclipse\java 2022-03\eclipse\plugins\org.eclipse.justj.openjdk.hotspot.jre.full.win32.x86_64_17.0.2.v20220201-1208\jre\bin\msvcp140.dll
0x00007ffc3faf0000 - 0x00007ffc40737000 	C:\Users\enolm\eclipse\java 2022-03\eclipse\plugins\org.eclipse.justj.openjdk.hotspot.jre.full.win32.x86_64_17.0.2.v20220201-1208\jre\bin\server\jvm.dll
0x00007ffccaf50000 - 0x00007ffccaffe000 	C:\WINDOWS\System32\ADVAPI32.dll
0x00007ffccc1c0000 - 0x00007ffccc25e000 	C:\WINDOWS\System32\sechost.dll
0x00007ffccc260000 - 0x00007ffccc380000 	C:\WINDOWS\System32\RPCRT4.dll
0x00007ffccc380000 - 0x00007ffccc388000 	C:\WINDOWS\System32\PSAPI.DLL
0x00007ffcc38a0000 - 0x00007ffcc38aa000 	C:\WINDOWS\SYSTEM32\VERSION.dll
0x00007ffcbb750000 - 0x00007ffcbb759000 	C:\WINDOWS\SYSTEM32\WSOCK32.dll
0x00007ffcc48a0000 - 0x00007ffcc48d3000 	C:\WINDOWS\SYSTEM32\WINMM.dll
0x00007ffccc150000 - 0x00007ffccc1bf000 	C:\WINDOWS\System32\WS2_32.dll
0x00007ffcc8c20000 - 0x00007ffcc8c38000 	C:\WINDOWS\SYSTEM32\kernel.appcore.dll
0x00007ffcb9c60000 - 0x00007ffcb9c6a000 	C:\Users\enolm\eclipse\java 2022-03\eclipse\plugins\org.eclipse.justj.openjdk.hotspot.jre.full.win32.x86_64_17.0.2.v20220201-1208\jre\bin\jimage.dll
0x00007ffcc7800000 - 0x00007ffcc7a21000 	C:\WINDOWS\SYSTEM32\DBGHELP.DLL
0x00007ffcc31c0000 - 0x00007ffcc31f1000 	C:\WINDOWS\SYSTEM32\dbgcore.DLL
0x00007ffcc9bd0000 - 0x00007ffcc9c4f000 	C:\WINDOWS\System32\bcryptPrimitives.dll
0x00007ffc65890000 - 0x00007ffc658cb000 	C:\Users\enolm\eclipse\java 2022-03\eclipse\plugins\org.eclipse.justj.openjdk.hotspot.jre.full.win32.x86_64_17.0.2.v20220201-1208\jre\bin\jdwp.dll
0x00007ffcafd40000 - 0x00007ffcafd4e000 	C:\Users\enolm\eclipse\java 2022-03\eclipse\plugins\org.eclipse.justj.openjdk.hotspot.jre.full.win32.x86_64_17.0.2.v20220201-1208\jre\bin\instrument.dll
0x00007ffcb0c70000 - 0x00007ffcb0c95000 	C:\Users\enolm\eclipse\java 2022-03\eclipse\plugins\org.eclipse.justj.openjdk.hotspot.jre.full.win32.x86_64_17.0.2.v20220201-1208\jre\bin\java.dll
0x00007ffc9ad20000 - 0x00007ffc9ad38000 	C:\Users\enolm\eclipse\java 2022-03\eclipse\plugins\org.eclipse.justj.openjdk.hotspot.jre.full.win32.x86_64_17.0.2.v20220201-1208\jre\bin\zip.dll
0x00007ffcca550000 - 0x00007ffccad08000 	C:\WINDOWS\System32\SHELL32.dll
0x00007ffcc7bb0000 - 0x00007ffcc8415000 	C:\WINDOWS\SYSTEM32\windows.storage.dll
0x00007ffccb480000 - 0x00007ffccb7f8000 	C:\WINDOWS\System32\combase.dll
0x00007ffcc7a40000 - 0x00007ffcc7ba6000 	C:\WINDOWS\SYSTEM32\wintypes.dll
0x00007ffccad70000 - 0x00007ffccae5a000 	C:\WINDOWS\System32\SHCORE.dll
0x00007ffccad10000 - 0x00007ffccad6d000 	C:\WINDOWS\System32\shlwapi.dll
0x00007ffcc99e0000 - 0x00007ffcc9a01000 	C:\WINDOWS\SYSTEM32\profapi.dll
0x00007ffcae700000 - 0x00007ffcae70c000 	C:\Users\enolm\eclipse\java 2022-03\eclipse\plugins\org.eclipse.justj.openjdk.hotspot.jre.full.win32.x86_64_17.0.2.v20220201-1208\jre\bin\dt_socket.dll
0x00007ffcc8750000 - 0x00007ffcc877d000 	C:\WINDOWS\SYSTEM32\IPHLPAPI.DLL
0x00007ffcc90c0000 - 0x00007ffcc9127000 	C:\WINDOWS\system32\mswsock.dll
0x00007ffcc8780000 - 0x00007ffcc8868000 	C:\WINDOWS\SYSTEM32\DNSAPI.dll
0x00007ffccb1a0000 - 0x00007ffccb1a9000 	C:\WINDOWS\System32\NSI.dll
0x00007ffcc2790000 - 0x00007ffcc279a000 	C:\Windows\System32\rasadhlp.dll
0x00007ffcc37d0000 - 0x00007ffcc3851000 	C:\WINDOWS\System32\fwpuclnt.dll
0x00007ffc98b50000 - 0x00007ffc98b69000 	C:\Users\enolm\eclipse\java 2022-03\eclipse\plugins\org.eclipse.justj.openjdk.hotspot.jre.full.win32.x86_64_17.0.2.v20220201-1208\jre\bin\net.dll
0x00007ffcc5480000 - 0x00007ffcc5594000 	C:\WINDOWS\SYSTEM32\WINHTTP.dll
0x00007ffc98590000 - 0x00007ffc985a5000 	C:\Users\enolm\eclipse\java 2022-03\eclipse\plugins\org.eclipse.justj.openjdk.hotspot.jre.full.win32.x86_64_17.0.2.v20220201-1208\jre\bin\nio.dll
0x00007ffcafe10000 - 0x00007ffcafe20000 	C:\Users\enolm\eclipse\java 2022-03\eclipse\plugins\org.eclipse.justj.openjdk.hotspot.jre.full.win32.x86_64_17.0.2.v20220201-1208\jre\bin\verify.dll
0x00007ffcc4920000 - 0x00007ffcc4939000 	C:\WINDOWS\SYSTEM32\dhcpcsvc6.DLL
0x00007ffcc5aa0000 - 0x00007ffcc5abe000 	C:\WINDOWS\SYSTEM32\dhcpcsvc.DLL

dbghelp: loaded successfully - version: 4.0.5 - missing functions: none
symbol engine: initialized successfully - sym options: 0x614 - pdb path: .;C:\Users\enolm\eclipse\java 2022-03\eclipse\plugins\org.eclipse.justj.openjdk.hotspot.jre.full.win32.x86_64_17.0.2.v20220201-1208\jre\bin;C:\WINDOWS\SYSTEM32;C:\WINDOWS\WinSxS\amd64_microsoft.windows.common-controls_6595b64144ccf1df_6.0.22000.120_none_9d947278b86cc467;C:\Users\enolm\eclipse\java 2022-03\eclipse\plugins\org.eclipse.justj.openjdk.hotspot.jre.full.win32.x86_64_17.0.2.v20220201-1208\jre\bin\server

VM Arguments:
jvm_args: -XX:+ShowCodeDetailsInExceptionMessages -agentlib:jdwp=transport=dt_socket,suspend=y,address=localhost:58501 -ea -javaagent:C:\Users\enolm\eclipse\java 2022-03\eclipse\configuration\org.eclipse.osgi\225\0\.cp\lib\javaagent-shaded.jar -Dfile.encoding=UTF-8 
java_command: org.eclipse.jdt.internal.junit.runner.RemoteTestRunner -version 3 -port 58500 -testLoaderClass org.eclipse.jdt.internal.junit5.runner.JUnit5TestLoader -loaderpluginname org.eclipse.jdt.junit5.runtime -classNames TEST.ArbolesBinariosTest
java_class_path (initial): C:\Users\enolm\Desktop\Workspace Old\Arboles\bin;C:\Users\enolm\eclipse\java 2022-03\eclipse\plugins\org.junit.jupiter.api_5.8.1.v20211018-1956.jar;C:\Users\enolm\eclipse\java 2022-03\eclipse\plugins\org.junit.jupiter.engine_5.8.1.v20211018-1956.jar;C:\Users\enolm\eclipse\java 2022-03\eclipse\plugins\org.junit.jupiter.migrationsupport_5.8.1.v20211018-1956.jar;C:\Users\enolm\eclipse\java 2022-03\eclipse\plugins\org.junit.jupiter.params_5.8.1.v20211018-1956.jar;C:\Users\enolm\eclipse\java 2022-03\eclipse\plugins\org.junit.platform.commons_1.8.1.v20211018-1956.jar;C:\Users\enolm\eclipse\java 2022-03\eclipse\plugins\org.junit.platform.engine_1.8.1.v20211018-1956.jar;C:\Users\enolm\eclipse\java 2022-03\eclipse\plugins\org.junit.platform.launcher_1.8.1.v20211018-1956.jar;C:\Users\enolm\eclipse\java 2022-03\eclipse\plugins\org.junit.platform.runner_1.8.1.v20211018-1956.jar;C:\Users\enolm\eclipse\java 2022-03\eclipse\plugins\org.junit.platform.suite.api_1.8.1.v20211018-1956.jar;C:\Users\enolm\eclipse\java 2022-03\eclipse\plugins\org.junit.platform.suite.engine_1.8.1.v20211028-1957.jar;C:\Users\enolm\eclipse\java 2022-03\eclipse\plugins\org.junit.platform.suite.commons_1.8.1.v20211018-1956.jar;C:\Users\enolm\eclipse\java 2022-03\eclipse\plugins\org.junit.vintage.engine_5.8.1.v20211018-1956.jar;C:\Users\enolm\eclipse\java 2022-03\eclipse\plugins\org.opentest4j_1.2.0.v20211018-1956.jar;C:\Users\enolm\eclipse\java 2022-03\eclipse\plugins\org.apiguardian_1.1.2.v20211018-1956.jar;C:\Users\enolm\eclipse\java 2022-03\eclipse\plugins\org.junit_4.13.2.v20211018-1956.jar;C:\Users\enolm\eclipse\java 2022-03\eclipse\plugins\org.hamcrest.core_1.3.0.v20180420-1519.jar;C:\Users\enolm\eclipse\java 2022-03\eclipse\configuration\org.eclipse.osgi\224\0\.cp;C:\Users\enolm\eclipse\java 2022-03\eclipse\configuration\org.eclipse.osgi\222\0\.cp
Launcher Type: SUN_STANDARD

[Global flags]
     intx CICompilerCount                          = 4                                         {product} {ergonomic}
     uint ConcGCThreads                            = 3                                         {product} {ergonomic}
     uint G1ConcRefinementThreads                  = 10                                        {product} {ergonomic}
   size_t G1HeapRegionSize                         = 2097152                                   {product} {ergonomic}
    uintx GCDrainStackTargetSize                   = 64                                        {product} {ergonomic}
   size_t InitialHeapSize                          = 266338304                                 {product} {ergonomic}
   size_t MarkStackSize                            = 4194304                                   {product} {ergonomic}
   size_t MaxHeapSize                              = 4257218560                                {product} {ergonomic}
   size_t MaxNewSize                               = 2554331136                                {product} {ergonomic}
   size_t MinHeapDeltaBytes                        = 2097152                                   {product} {ergonomic}
   size_t MinHeapSize                              = 8388608                                   {product} {ergonomic}
    uintx NonNMethodCodeHeapSize                   = 5839372                                {pd product} {ergonomic}
    uintx NonProfiledCodeHeapSize                  = 122909434                              {pd product} {ergonomic}
    uintx ProfiledCodeHeapSize                     = 122909434                              {pd product} {ergonomic}
    uintx ReservedCodeCacheSize                    = 251658240                              {pd product} {ergonomic}
     bool SegmentedCodeCache                       = true                                      {product} {ergonomic}
     bool ShowCodeDetailsInExceptionMessages       = true                                   {manageable} {command line}
   size_t SoftMaxHeapSize                          = 4257218560                             {manageable} {ergonomic}
     bool UseCompressedClassPointers               = true                           {product lp64_product} {ergonomic}
     bool UseCompressedOops                        = true                           {product lp64_product} {ergonomic}
     bool UseG1GC                                  = true                                      {product} {ergonomic}
     bool UseLargePagesIndividualAllocation        = false                                  {pd product} {ergonomic}

Logging:
Log output configuration:
 #0: stdout all=warning uptime,level,tags
 #1: stderr all=off uptime,level,tags

Environment Variables:
PATH=C:\Users\enolm\eclipse\java 2022-03\eclipse\plugins\org.eclipse.justj.openjdk.hotspot.jre.full.win32.x86_64_17.0.2.v20220201-1208\jre\bin;C:/Users/enolm/eclipse/java 2022-03/eclipse//plugins/org.eclipse.justj.openjdk.hotspot.jre.full.win32.x86_64_17.0.2.v20220201-1208/jre/bin/server;C:/Users/enolm/eclipse/java 2022-03/eclipse//plugins/org.eclipse.justj.openjdk.hotspot.jre.full.win32.x86_64_17.0.2.v20220201-1208/jre/bin;C:\Program Files (x86)\Common Files\Oracle\Java\javapath;C:\ProgramData\Oracle\Java\javapath;C:\Windows\system32;C:\Windows;C:\Windows\System32\Wbem;C:\Windows\System32\WindowsPowerShell\v1.0\;C:\Windows\System32\OpenSSH\;C:\Program Files (x86)\NVIDIA Corporation\PhysX\Common;C:\Program Files\NVIDIA Corporation\NVIDIA NvDLISR;C:\Program Files\Bandizip\;C:\WINDOWS\system32;C:\WINDOWS;C:\WINDOWS\System32\Wbem;C:\WINDOWS\System32\WindowsPowerShell\v1.0\;C:\WINDOWS\System32\OpenSSH\;C:\Program Files (x86)\Windows Live\Shared;C:\Program Files\dotnet\;C:\Program Files\WorldPainter;C:\Program Files\PuTTY\;C:\Users\enolm\AppData\Local\Microsoft\WindowsApps;C:\Users\enolm\AppData\Local\Programs\Microsoft VS Code\bin;C:\Users\enolm\.dotnet\tools;C:\Users\enolm\eclipse\java 2022-03\eclipse;
USERNAME=enolm
OS=Windows_NT
PROCESSOR_IDENTIFIER=Intel64 Family 6 Model 167 Stepping 1, GenuineIntel



---------------  S Y S T E M  ---------------

OS:
 Windows 11 , 64 bit Build 22000 (10.0.22000.1219)
OS uptime: 2 days 15:32 hours

CPU: total 12 (initial active 12) (6 cores per cpu, 2 threads per core) family 6 model 167 stepping 1 microcode 0x24, cx8, cmov, fxsr, ht, mmx, 3dnowpref, sse, sse2, sse3, ssse3, sse4.1, sse4.2, popcnt, lzcnt, tsc, tscinvbit, avx, avx2, erms, clmul, bmi1, bmi2, adx, avx512f, avx512dq, avx512cd, avx512bw, avx512vl, sha, fma, vzeroupper, avx512_vpopcntdq, avx512_vpclmulqdq, avx512_vnni, clflush, clflushopt, avx512_vbmi2, avx512_vbmi

Memory: 4k page, system-wide physical 16237M (8563M free)
TotalPageFile size 18669M (AvailPageFile size 6164M)
current process WorkingSet (physical memory assigned to process): 78M, peak: 87M
current process commit charge ("private bytes"): 354M, peak: 363M

vm_info: OpenJDK 64-Bit Server VM (17.0.2+8) for windows-amd64 JRE (17.0.2+8), built on Jan 20 2022 04:52:34 by "" with MS VC++ 16.7 (VS2019)

END.
