#
# A fatal error has been detected by the Java Runtime Environment:
#
#  EXCEPTION_ACCESS_VIOLATION (0xc0000005) at pc=0x00007ffab84cd69a, pid=1188, tid=11440
#
# JRE version: OpenJDK Runtime Environment Temurin-17.0.2+8 (17.0.2+8) (build 17.0.2+8)
# Java VM: OpenJDK 64-Bit Server VM Temurin-17.0.2+8 (17.0.2+8, mixed mode, tiered, compressed oops, compressed class ptrs, g1 gc, windows-amd64)
# Problematic frame:
# V  [jvm.dll+0x79d69a]
#
# No core dump will be written. Minidumps are not enabled by default on client versions of Windows
#
# If you would like to submit a bug report, please visit:
#   https://github.com/adoptium/adoptium-support/issues
#

---------------  S U M M A R Y ------------

Command Line: -XX:+ShowCodeDetailsInExceptionMessages -agentlib:jdwp=transport=dt_socket,suspend=y,address=localhost:53890 -ea -javaagent:C:\Users\enolm\eclipse\java 2022-03\eclipse\configuration\org.eclipse.osgi\225\0\.cp\lib\javaagent-shaded.jar -Dfile.encoding=Cp1252 org.eclipse.jdt.internal.junit.runner.RemoteTestRunner -version 3 -port 53889 -testLoaderClass org.eclipse.jdt.internal.junit5.runner.JUnit5TestLoader -loaderpluginname org.eclipse.jdt.junit5.runtime -classNames p2Grafos.GraphFloydTest

Host: 11th Gen Intel(R) Core(TM) i5-11400F @ 2.60GHz, 12 cores, 15G,  Windows 11 , 64 bit Build 22000 (10.0.22000.708)
Time: Fri Oct 21 23:35:06 2022 Hora de verano romance elapsed time: 499.079477 seconds (0d 0h 8m 19s)

---------------  T H R E A D  ---------------

Current thread (0x00000161a730c220):  JavaThread "JDWP Transport Listener: dt_socket" daemon [_thread_in_vm, id=11440, stack(0x0000003d63c00000,0x0000003d63d00000)]

Stack: [0x0000003d63c00000,0x0000003d63d00000],  sp=0x0000003d63cff8d0,  free space=1022k
Native frames: (J=compiled Java code, j=interpreted, Vv=VM code, C=native code)
V  [jvm.dll+0x79d69a]
V  [jvm.dll+0x50842c]
V  [jvm.dll+0x4cfa94]
C  [jdwp.dll+0x22dff]


siginfo: EXCEPTION_ACCESS_VIOLATION (0xc0000005), reading address 0x00000000010d0017


Register to memory mapping:

RIP=0x00007ffab84cd69a jvm.dll
RAX=0x000000000000010e is an unknown value
RBX=0x00000161a71cab81 points into unknown readable memory: 6a 61 76 61 2f 6c 61
RCX=0x00000000010d0013 is an unknown value
RDX=0x00000161a7eed5d0 points into unknown readable memory: 0x6f6661724732704c | 4c 70 32 47 72 61 66 6f
RSP=0x0000003d63cff8d0 is pointing into the stack for thread: 0x00000161a730c220
RBP=0x00000161a72d7120 points into unknown readable memory: 0x0000000000000002 | 02 00 00 00 00 00 00 00
RSI=0x0 is NULL
RDI=0xffffffffffffffff is an unknown value
R8 =0x0000000000000006 is an unknown value
R9 =0x000000000000000d is an unknown value
R10=0x0 is NULL
R11=0x0000003d63cff8f0 is pointing into the stack for thread: 0x00000161a730c220
R12=0x0000003d63cffa28 is pointing into the stack for thread: 0x00000161a730c220
R13=0x0 is NULL
R14=0x000000080018dc10 is a pointer to class: 
p2Grafos.Graph {0x000000080018dc18}
 - instance size:     6
 - klass size:        80
 - access:            public synchronized 
 - state:             fully_initialized
 - name:              'p2Grafos/Graph'
 - super:             'java/lang/Object'
 - sub:               
 - arrays:            NULL
 - methods:           Array<T>(0x00000161a848b5d0)
 - method ordering:   Array<T>(0x00000161a8497380)
 - default_methods:   Array<T>(0x0000000000000000)
 - local interfaces:  Array<T>(0x00000161a6800058)
 - trans. interfaces: Array<T>(0x00000161a6800058)
 - constants:         constant pool [274] {0x00000161a8494ac0} for 'p2Grafos/Graph' cache=0x00000161a827e060
 - class loader data:  loader data: 0x00000161a720b4f0 for instance a 'jdk/internal/loader/ClassLoaders$AppClassLoader'{0x0000000710a00170}
 - source file:       'Graph.java'
 - source debug extension:       SMAP
Graph.java
Java
*S jdt
*F
1 Graph.java
2 file:/C:/Users/enolm/Desktop/Workspace%20Old/Grafos/bin/
*L
*E

 - class annotations:       Array<T>(0x0000000000000000)
 - class type annotations:  Array<T>(0x0000000000000000)
 - field annotations:       Array<T>(0x0000000000000000)
 - field type annotations:  Array<T>(0x0000000000000000)
 - previous version:  constant pool [269] {0x00000161a84855f0} for 'p2Grafos/Graph' (extra) cache=0x00000161a8489ab0
 - generic signature: '
[error occurred during error reporting (printing register info), id 0xc0000005, EXCEPTION_ACCESS_VIOLATION (0xc0000005) at pc=0x00007ffab84ce2a6]

Registers:
RAX=0x000000000000010e, RBX=0x00000161a71cab81, RCX=0x00000000010d0013, RDX=0x00000161a7eed5d0
RSP=0x0000003d63cff8d0, RBP=0x00000161a72d7120, RSI=0x0000000000000000, RDI=0xffffffffffffffff
R8 =0x0000000000000006, R9 =0x000000000000000d, R10=0x0000000000000000, R11=0x0000003d63cff8f0
R12=0x0000003d63cffa28, R13=0x0000000000000000, R14=0x000000080018dc10, R15=0x0000003d63cffa78
RIP=0x00007ffab84cd69a, EFLAGS=0x0000000000010202

Top of Stack: (sp=0x0000003d63cff8d0)
0x0000003d63cff8d0:   000000000000000e 000000080018dc10
0x0000003d63cff8e0:   00000161a730c220 0000000000000000
0x0000003d63cff8f0:   ffffffffffffffff 00007ffab823842c
0x0000003d63cff900:   00000161a71cab81 00000161a71cab70
0x0000003d63cff910:   00000161a72d7120 00000161a7ec4480
0x0000003d63cff920:   00000161a71cab50 00000000000003d8
0x0000003d63cff930:   00000161a71cab60 00000161a71caf38
0x0000003d63cff940:   0000000000000002 0000003d63cffa28
0x0000003d63cff950:   0000000000000000 0000000000000000
0x0000003d63cff960:   0000000710fe8440 00007ffab81ffa94
0x0000003d63cff970:   00000161a730c220 0000003d63cffa78
0x0000003d63cff980:   000001618775c2a0 0000003d63cffa78
0x0000003d63cff990:   00000161a730c220 0000000000000000
0x0000003d63cff9a0:   0000016100000000 0000000000000000
0x0000003d63cff9b0:   000000000000000d 00007ffb23cb2dff
0x0000003d63cff9c0:   0000003d63cffa70 00007ffb23cc1aa0 

Instructions: (pc=0x00007ffab84cd69a)
0x00007ffab84cd59a:   48 83 c4 20 5f e9 4c 8d 90 ff cc cc cc cc cc cc
0x00007ffab84cd5aa:   cc cc cc cc cc cc 48 89 5c 24 08 57 48 83 ec 20
0x00007ffab84cd5ba:   83 fa 02 8d 42 06 b9 08 00 00 00 49 8b d8 0f 4e
0x00007ffab84cd5ca:   c1 48 63 c8 48 83 c1 07 83 e1 f8 48 63 f9 49 8b
0x00007ffab84cd5da:   48 18 48 8b c7 48 f7 d0 48 3b c1 73 16 4c 8d 05
0x00007ffab84cd5ea:   da 4c 17 00 48 8b d7 48 8b cb e8 57 f0 90 ff 48
0x00007ffab84cd5fa:   8b 4b 18 48 8d 04 39 48 3b 43 20 76 18 45 33 c0
0x00007ffab84cd60a:   48 8b d7 48 8b cb 48 8b 5c 24 30 48 83 c4 20 5f
0x00007ffab84cd61a:   e9 b1 ec 90 ff 48 89 43 18 48 8b c1 48 8b 5c 24
0x00007ffab84cd62a:   30 48 83 c4 20 5f c3 cc cc cc cc cc cc cc cc cc
0x00007ffab84cd63a:   cc cc cc cc cc cc 4c 8b d2 4c 8b d9 45 85 c0 7e
0x00007ffab84cd64a:   3c 44 0f b7 49 04 41 8d 40 ff 41 3b c1 44 0f 4c
0x00007ffab84cd65a:   c8 4d 63 c1 45 85 c9 7e 1f 48 8b c2 4c 2b da 49
0x00007ffab84cd66a:   8b d0 0f 1f 40 00 41 0f b6 4c 03 06 88 08 48 8d
0x00007ffab84cd67a:   40 01 48 83 ea 01 75 ee 43 c6 04 10 00 49 8b c2
0x00007ffab84cd68a:   c3 cc cc cc cc cc 48 89 5c 24 08 57 48 83 ec 20
0x00007ffab84cd69a:   0f b7 59 04 48 8b f9 33 d2 48 8d 4b 01 e8 84 df
0x00007ffab84cd6aa:   f2 ff 0f b7 57 04 4c 8b c0 3b da 0f 42 d3 44 8b
0x00007ffab84cd6ba:   ca 85 d2 74 39 48 2b f8 0f 1f 40 00 66 66 0f 1f
0x00007ffab84cd6ca:   84 00 00 00 00 00 0f b6 4c 07 06 88 08 48 ff c0
0x00007ffab84cd6da:   48 8b c8 49 2b c8 49 3b c9 7c eb 42 c6 04 02 00
0x00007ffab84cd6ea:   49 8b c0 48 8b 5c 24 30 48 83 c4 20 5f c3 48 8b
0x00007ffab84cd6fa:   5c 24 30 c6 04 02 00 48 83 c4 20 5f c3 cc cc cc
0x00007ffab84cd70a:   cc cc cc cc cc cc 4c 8b d1 45 85 c0 7e 6c 44 0f
0x00007ffab84cd71a:   b7 49 04 41 8d 40 ff 41 3b c1 44 0f 4c c8 4d 63
0x00007ffab84cd72a:   d9 45 85 c9 7e 22 48 8b ca 4c 2b d2 4d 8b c3 0f
0x00007ffab84cd73a:   1f 80 00 00 00 00 41 0f b6 44 0a 06 88 01 48 8d
0x00007ffab84cd74a:   49 01 49 83 e8 01 75 ee 41 c6 04 13 00 48 c7 c0
0x00007ffab84cd75a:   ff ff ff ff 66 90 48 ff c0 80 3c 02 00 75 f7 48
0x00007ffab84cd76a:   63 c8 85 c0 48 8b c2 7e 14 80 38 2f 75 03 c6 00
0x00007ffab84cd77a:   2e 48 ff c0 48 83 e9 01 75 ef 48 8b c2 c3 cc cc
0x00007ffab84cd78a:   cc cc cc cc cc cc 48 83 ec 28 e8 f7 fe ff ff 4c 


Stack slot to memory mapping:
stack at sp + 0 slots: 0x000000000000000e is an unknown value
stack at sp + 1 slots: 0x000000080018dc10 is a pointer to class: 
p2Grafos.Graph {0x000000080018dc18}
 - instance size:     6
 - klass size:        80
 - access:            public synchronized 
 - state:             fully_initialized
 - name:              'p2Grafos/Graph'
 - super:             'java/lang/Object'
 - sub:               
 - arrays:            NULL
 - methods:           Array<T>(0x00000161a848b5d0)
 - method ordering:   Array<T>(0x00000161a8497380)
 - default_methods:   Array<T>(0x0000000000000000)
 - local interfaces:  Array<T>(0x00000161a6800058)
 - trans. interfaces: Array<T>(0x00000161a6800058)
 - constants:         constant pool [274] {0x00000161a8494ac0} for 'p2Grafos/Graph' cache=0x00000161a827e060
 - class loader data:  loader data: 0x00000161a720b4f0 for instance a 'jdk/internal/loader/ClassLoaders$AppClassLoader'{0x0000000710a00170}
 - source file:       'Graph.java'
 - source debug extension:       SMAP
Graph.java
Java
*S jdt
*F
1 Graph.java
2 file:/C:/Users/enolm/Desktop/Workspace%20Old/Grafos/bin/
*L
*E

 - class annotations:       Array<T>(0x0000000000000000)
 - class type annotations:  Array<T>(0x0000000000000000)
 - field annotations:       Array<T>(0x0000000000000000)
 - field type annotations:  Array<T>(0x0000000000000000)
 - previous version:  constant pool [269] {0x00000161a84855f0} for 'p2Grafos/Graph' (extra) cache=0x00000161a8489ab0
 - generic signature: '
[error occurred during error reporting (inspecting top of stack), id 0xc0000005, EXCEPTION_ACCESS_VIOLATION (0xc0000005) at pc=0x00007ffab84ce2a6]


---------------  P R O C E S S  ---------------

Threads class SMR info:
_java_thread_list=0x00000161a7d25010, length=16, elements={
0x000001618776eba0, 0x00000161a7040b50, 0x00000161a7041410, 0x00000161a7064430,
0x00000161a7064cf0, 0x00000161a7081720, 0x00000161a7081fe0, 0x00000161a70880e0,
0x00000161a70889e0, 0x00000161a709db00, 0x00000161a71cb000, 0x00000161a730c220,
0x00000161a73104e0, 0x00000161a7310bc0, 0x00000161a78d9ff0, 0x00000161a7f38c80
}

Java Threads: ( => current thread )
  0x000001618776eba0 JavaThread "main" [_thread_blocked, id=8432, stack(0x0000003d62b00000,0x0000003d62c00000)]
  0x00000161a7040b50 JavaThread "Reference Handler" daemon [_thread_blocked, id=8196, stack(0x0000003d63200000,0x0000003d63300000)]
  0x00000161a7041410 JavaThread "Finalizer" daemon [_thread_blocked, id=12076, stack(0x0000003d63300000,0x0000003d63400000)]
  0x00000161a7064430 JavaThread "Signal Dispatcher" daemon [_thread_blocked, id=5328, stack(0x0000003d63400000,0x0000003d63500000)]
  0x00000161a7064cf0 JavaThread "Attach Listener" daemon [_thread_blocked, id=11536, stack(0x0000003d63500000,0x0000003d63600000)]
  0x00000161a7081720 JavaThread "Service Thread" daemon [_thread_blocked, id=15900, stack(0x0000003d63600000,0x0000003d63700000)]
  0x00000161a7081fe0 JavaThread "Monitor Deflation Thread" daemon [_thread_blocked, id=5840, stack(0x0000003d63700000,0x0000003d63800000)]
  0x00000161a70880e0 JavaThread "C2 CompilerThread0" daemon [_thread_blocked, id=9004, stack(0x0000003d63800000,0x0000003d63900000)]
  0x00000161a70889e0 JavaThread "C1 CompilerThread0" daemon [_thread_blocked, id=4348, stack(0x0000003d63900000,0x0000003d63a00000)]
  0x00000161a709db00 JavaThread "Sweeper thread" daemon [_thread_blocked, id=17708, stack(0x0000003d63a00000,0x0000003d63b00000)]
  0x00000161a71cb000 JavaThread "Common-Cleaner" daemon [_thread_blocked, id=5688, stack(0x0000003d63b00000,0x0000003d63c00000)]
=>0x00000161a730c220 JavaThread "JDWP Transport Listener: dt_socket" daemon [_thread_in_vm, id=11440, stack(0x0000003d63c00000,0x0000003d63d00000)]
  0x00000161a73104e0 JavaThread "JDWP Event Helper Thread" daemon [_thread_blocked, id=4780, stack(0x0000003d63d00000,0x0000003d63e00000)]
  0x00000161a7310bc0 JavaThread "JDWP Command Reader" daemon [_thread_in_native, id=11300, stack(0x0000003d63e00000,0x0000003d63f00000)]
  0x00000161a78d9ff0 JavaThread "Notification Thread" daemon [_thread_blocked, id=13456, stack(0x0000003d63f00000,0x0000003d64000000)]
  0x00000161a7f38c80 JavaThread "ReaderThread" [_thread_in_native, id=4244, stack(0x0000003d64300000,0x0000003d64400000)]

Other Threads:
  0x00000161a667dc30 VMThread "VM Thread" [stack: 0x0000003d63100000,0x0000003d63200000] [id=5048]
  0x000001618776f7d0 WatcherThread [stack: 0x0000003d64000000,0x0000003d64100000] [id=1476]
  0x00000161856ab040 GCTaskThread "GC Thread#0" [stack: 0x0000003d62c00000,0x0000003d62d00000] [id=13928]
  0x00000161a7ce9710 GCTaskThread "GC Thread#1" [stack: 0x0000003d64400000,0x0000003d64500000] [id=17620]
  0x00000161a7dbc670 GCTaskThread "GC Thread#2" [stack: 0x0000003d64500000,0x0000003d64600000] [id=2888]
  0x00000161a7ce6b80 GCTaskThread "GC Thread#3" [stack: 0x0000003d64600000,0x0000003d64700000] [id=1988]
  0x00000161a8847e10 GCTaskThread "GC Thread#4" [stack: 0x0000003d64700000,0x0000003d64800000] [id=13960]
  0x00000161a7e61f00 GCTaskThread "GC Thread#5" [stack: 0x0000003d64800000,0x0000003d64900000] [id=7400]
  0x00000161a8ae9ea0 GCTaskThread "GC Thread#6" [stack: 0x0000003d64900000,0x0000003d64a00000] [id=5216]
  0x00000161856ac660 ConcurrentGCThread "G1 Main Marker" [stack: 0x0000003d62d00000,0x0000003d62e00000] [id=18424]
  0x00000161856acd20 ConcurrentGCThread "G1 Conc#0" [stack: 0x0000003d62e00000,0x0000003d62f00000] [id=10560]
  0x000001618783d7f0 ConcurrentGCThread "G1 Refine#0" [stack: 0x0000003d62f00000,0x0000003d63000000] [id=13440]
  0x000001618783e020 ConcurrentGCThread "G1 Service" [stack: 0x0000003d63000000,0x0000003d63100000] [id=11232]

Threads with active compile tasks:

VM state: not at safepoint (normal execution)

VM Mutex/Monitor currently owned by a thread: None

Heap address: 0x0000000702400000, size: 4060 MB, Compressed Oops mode: Zero based, Oop shift amount: 3

CDS archive(s) not mapped
Compressed class space mapped at: 0x0000000800000000-0x0000000840000000, reserved size: 1073741824
Narrow klass base: 0x0000000800000000, Narrow klass shift: 0, Narrow klass range: 0x40000000

GC Precious Log:
 CPUs: 12 total, 12 available
 Memory: 16237M
 Large Page Support: Disabled
 NUMA Support: Disabled
 Compressed Oops: Enabled (Zero based)
 Heap Region Size: 2M
 Heap Min Capacity: 8M
 Heap Initial Capacity: 254M
 Heap Max Capacity: 4060M
 Pre-touch: Disabled
 Parallel Workers: 10
 Concurrent Workers: 3
 Concurrent Refinement Workers: 10
 Periodic GC: Disabled

Heap:
 garbage-first heap   total 260096K, used 23007K [0x0000000702400000, 0x0000000800000000)
  region size 2048K, 13 young (26624K), 2 survivors (4096K)
 Metaspace       used 15436K, committed 15616K, reserved 1064960K
  class space    used 1534K, committed 1600K, reserved 1048576K

Heap Regions: E=young(eden), S=young(survivor), O=old, HS=humongous(starts), HC=humongous(continues), CS=collection set, F=free, OA=open archive, CA=closed archive, TAMS=top-at-mark-start (previous, next)
|   0|0x0000000702400000, 0x0000000702400000, 0x0000000702600000|  0%| F|  |TAMS 0x0000000702400000, 0x0000000702400000| Untracked 
|   1|0x0000000702600000, 0x0000000702600000, 0x0000000702800000|  0%| F|  |TAMS 0x0000000702600000, 0x0000000702600000| Untracked 
|   2|0x0000000702800000, 0x0000000702800000, 0x0000000702a00000|  0%| F|  |TAMS 0x0000000702800000, 0x0000000702800000| Untracked 
|   3|0x0000000702a00000, 0x0000000702a00000, 0x0000000702c00000|  0%| F|  |TAMS 0x0000000702a00000, 0x0000000702a00000| Untracked 
|   4|0x0000000702c00000, 0x0000000702c00000, 0x0000000702e00000|  0%| F|  |TAMS 0x0000000702c00000, 0x0000000702c00000| Untracked 
|   5|0x0000000702e00000, 0x0000000702e00000, 0x0000000703000000|  0%| F|  |TAMS 0x0000000702e00000, 0x0000000702e00000| Untracked 
|   6|0x0000000703000000, 0x0000000703000000, 0x0000000703200000|  0%| F|  |TAMS 0x0000000703000000, 0x0000000703000000| Untracked 
|   7|0x0000000703200000, 0x0000000703200000, 0x0000000703400000|  0%| F|  |TAMS 0x0000000703200000, 0x0000000703200000| Untracked 
|   8|0x0000000703400000, 0x0000000703400000, 0x0000000703600000|  0%| F|  |TAMS 0x0000000703400000, 0x0000000703400000| Untracked 
|   9|0x0000000703600000, 0x0000000703600000, 0x0000000703800000|  0%| F|  |TAMS 0x0000000703600000, 0x0000000703600000| Untracked 
|  10|0x0000000703800000, 0x0000000703800000, 0x0000000703a00000|  0%| F|  |TAMS 0x0000000703800000, 0x0000000703800000| Untracked 
|  11|0x0000000703a00000, 0x0000000703a00000, 0x0000000703c00000|  0%| F|  |TAMS 0x0000000703a00000, 0x0000000703a00000| Untracked 
|  12|0x0000000703c00000, 0x0000000703c00000, 0x0000000703e00000|  0%| F|  |TAMS 0x0000000703c00000, 0x0000000703c00000| Untracked 
|  13|0x0000000703e00000, 0x0000000703e00000, 0x0000000704000000|  0%| F|  |TAMS 0x0000000703e00000, 0x0000000703e00000| Untracked 
|  14|0x0000000704000000, 0x0000000704000000, 0x0000000704200000|  0%| F|  |TAMS 0x0000000704000000, 0x0000000704000000| Untracked 
|  15|0x0000000704200000, 0x0000000704200000, 0x0000000704400000|  0%| F|  |TAMS 0x0000000704200000, 0x0000000704200000| Untracked 
|  16|0x0000000704400000, 0x0000000704400000, 0x0000000704600000|  0%| F|  |TAMS 0x0000000704400000, 0x0000000704400000| Untracked 
|  17|0x0000000704600000, 0x0000000704600000, 0x0000000704800000|  0%| F|  |TAMS 0x0000000704600000, 0x0000000704600000| Untracked 
|  18|0x0000000704800000, 0x0000000704800000, 0x0000000704a00000|  0%| F|  |TAMS 0x0000000704800000, 0x0000000704800000| Untracked 
|  19|0x0000000704a00000, 0x0000000704a00000, 0x0000000704c00000|  0%| F|  |TAMS 0x0000000704a00000, 0x0000000704a00000| Untracked 
|  20|0x0000000704c00000, 0x0000000704c00000, 0x0000000704e00000|  0%| F|  |TAMS 0x0000000704c00000, 0x0000000704c00000| Untracked 
|  21|0x0000000704e00000, 0x0000000704e00000, 0x0000000705000000|  0%| F|  |TAMS 0x0000000704e00000, 0x0000000704e00000| Untracked 
|  22|0x0000000705000000, 0x0000000705000000, 0x0000000705200000|  0%| F|  |TAMS 0x0000000705000000, 0x0000000705000000| Untracked 
|  23|0x0000000705200000, 0x0000000705200000, 0x0000000705400000|  0%| F|  |TAMS 0x0000000705200000, 0x0000000705200000| Untracked 
|  24|0x0000000705400000, 0x0000000705400000, 0x0000000705600000|  0%| F|  |TAMS 0x0000000705400000, 0x0000000705400000| Untracked 
|  25|0x0000000705600000, 0x0000000705600000, 0x0000000705800000|  0%| F|  |TAMS 0x0000000705600000, 0x0000000705600000| Untracked 
|  26|0x0000000705800000, 0x0000000705800000, 0x0000000705a00000|  0%| F|  |TAMS 0x0000000705800000, 0x0000000705800000| Untracked 
|  27|0x0000000705a00000, 0x0000000705a00000, 0x0000000705c00000|  0%| F|  |TAMS 0x0000000705a00000, 0x0000000705a00000| Untracked 
|  28|0x0000000705c00000, 0x0000000705c00000, 0x0000000705e00000|  0%| F|  |TAMS 0x0000000705c00000, 0x0000000705c00000| Untracked 
|  29|0x0000000705e00000, 0x0000000705e00000, 0x0000000706000000|  0%| F|  |TAMS 0x0000000705e00000, 0x0000000705e00000| Untracked 
|  30|0x0000000706000000, 0x0000000706000000, 0x0000000706200000|  0%| F|  |TAMS 0x0000000706000000, 0x0000000706000000| Untracked 
|  31|0x0000000706200000, 0x0000000706200000, 0x0000000706400000|  0%| F|  |TAMS 0x0000000706200000, 0x0000000706200000| Untracked 
|  32|0x0000000706400000, 0x0000000706400000, 0x0000000706600000|  0%| F|  |TAMS 0x0000000706400000, 0x0000000706400000| Untracked 
|  33|0x0000000706600000, 0x0000000706600000, 0x0000000706800000|  0%| F|  |TAMS 0x0000000706600000, 0x0000000706600000| Untracked 
|  34|0x0000000706800000, 0x0000000706800000, 0x0000000706a00000|  0%| F|  |TAMS 0x0000000706800000, 0x0000000706800000| Untracked 
|  35|0x0000000706a00000, 0x0000000706a00000, 0x0000000706c00000|  0%| F|  |TAMS 0x0000000706a00000, 0x0000000706a00000| Untracked 
|  36|0x0000000706c00000, 0x0000000706c00000, 0x0000000706e00000|  0%| F|  |TAMS 0x0000000706c00000, 0x0000000706c00000| Untracked 
|  37|0x0000000706e00000, 0x0000000706e00000, 0x0000000707000000|  0%| F|  |TAMS 0x0000000706e00000, 0x0000000706e00000| Untracked 
|  38|0x0000000707000000, 0x0000000707000000, 0x0000000707200000|  0%| F|  |TAMS 0x0000000707000000, 0x0000000707000000| Untracked 
|  39|0x0000000707200000, 0x0000000707200000, 0x0000000707400000|  0%| F|  |TAMS 0x0000000707200000, 0x0000000707200000| Untracked 
|  40|0x0000000707400000, 0x0000000707400000, 0x0000000707600000|  0%| F|  |TAMS 0x0000000707400000, 0x0000000707400000| Untracked 
|  41|0x0000000707600000, 0x0000000707600000, 0x0000000707800000|  0%| F|  |TAMS 0x0000000707600000, 0x0000000707600000| Untracked 
|  42|0x0000000707800000, 0x0000000707800000, 0x0000000707a00000|  0%| F|  |TAMS 0x0000000707800000, 0x0000000707800000| Untracked 
|  43|0x0000000707a00000, 0x0000000707a00000, 0x0000000707c00000|  0%| F|  |TAMS 0x0000000707a00000, 0x0000000707a00000| Untracked 
|  44|0x0000000707c00000, 0x0000000707c00000, 0x0000000707e00000|  0%| F|  |TAMS 0x0000000707c00000, 0x0000000707c00000| Untracked 
|  45|0x0000000707e00000, 0x0000000707e00000, 0x0000000708000000|  0%| F|  |TAMS 0x0000000707e00000, 0x0000000707e00000| Untracked 
|  46|0x0000000708000000, 0x0000000708000000, 0x0000000708200000|  0%| F|  |TAMS 0x0000000708000000, 0x0000000708000000| Untracked 
|  47|0x0000000708200000, 0x0000000708200000, 0x0000000708400000|  0%| F|  |TAMS 0x0000000708200000, 0x0000000708200000| Untracked 
|  48|0x0000000708400000, 0x0000000708400000, 0x0000000708600000|  0%| F|  |TAMS 0x0000000708400000, 0x0000000708400000| Untracked 
|  49|0x0000000708600000, 0x0000000708600000, 0x0000000708800000|  0%| F|  |TAMS 0x0000000708600000, 0x0000000708600000| Untracked 
|  50|0x0000000708800000, 0x0000000708800000, 0x0000000708a00000|  0%| F|  |TAMS 0x0000000708800000, 0x0000000708800000| Untracked 
|  51|0x0000000708a00000, 0x0000000708a00000, 0x0000000708c00000|  0%| F|  |TAMS 0x0000000708a00000, 0x0000000708a00000| Untracked 
|  52|0x0000000708c00000, 0x0000000708c00000, 0x0000000708e00000|  0%| F|  |TAMS 0x0000000708c00000, 0x0000000708c00000| Untracked 
|  53|0x0000000708e00000, 0x0000000708e00000, 0x0000000709000000|  0%| F|  |TAMS 0x0000000708e00000, 0x0000000708e00000| Untracked 
|  54|0x0000000709000000, 0x0000000709000000, 0x0000000709200000|  0%| F|  |TAMS 0x0000000709000000, 0x0000000709000000| Untracked 
|  55|0x0000000709200000, 0x0000000709200000, 0x0000000709400000|  0%| F|  |TAMS 0x0000000709200000, 0x0000000709200000| Untracked 
|  56|0x0000000709400000, 0x0000000709400000, 0x0000000709600000|  0%| F|  |TAMS 0x0000000709400000, 0x0000000709400000| Untracked 
|  57|0x0000000709600000, 0x0000000709600000, 0x0000000709800000|  0%| F|  |TAMS 0x0000000709600000, 0x0000000709600000| Untracked 
|  58|0x0000000709800000, 0x0000000709800000, 0x0000000709a00000|  0%| F|  |TAMS 0x0000000709800000, 0x0000000709800000| Untracked 
|  59|0x0000000709a00000, 0x0000000709a00000, 0x0000000709c00000|  0%| F|  |TAMS 0x0000000709a00000, 0x0000000709a00000| Untracked 
|  60|0x0000000709c00000, 0x0000000709c00000, 0x0000000709e00000|  0%| F|  |TAMS 0x0000000709c00000, 0x0000000709c00000| Untracked 
|  61|0x0000000709e00000, 0x0000000709e00000, 0x000000070a000000|  0%| F|  |TAMS 0x0000000709e00000, 0x0000000709e00000| Untracked 
|  62|0x000000070a000000, 0x000000070a000000, 0x000000070a200000|  0%| F|  |TAMS 0x000000070a000000, 0x000000070a000000| Untracked 
|  63|0x000000070a200000, 0x000000070a200000, 0x000000070a400000|  0%| F|  |TAMS 0x000000070a200000, 0x000000070a200000| Untracked 
|  64|0x000000070a400000, 0x000000070a400000, 0x000000070a600000|  0%| F|  |TAMS 0x000000070a400000, 0x000000070a400000| Untracked 
|  65|0x000000070a600000, 0x000000070a600000, 0x000000070a800000|  0%| F|  |TAMS 0x000000070a600000, 0x000000070a600000| Untracked 
|  66|0x000000070a800000, 0x000000070a800000, 0x000000070aa00000|  0%| F|  |TAMS 0x000000070a800000, 0x000000070a800000| Untracked 
|  67|0x000000070aa00000, 0x000000070aa00000, 0x000000070ac00000|  0%| F|  |TAMS 0x000000070aa00000, 0x000000070aa00000| Untracked 
|  68|0x000000070ac00000, 0x000000070ac00000, 0x000000070ae00000|  0%| F|  |TAMS 0x000000070ac00000, 0x000000070ac00000| Untracked 
|  69|0x000000070ae00000, 0x000000070ae00000, 0x000000070b000000|  0%| F|  |TAMS 0x000000070ae00000, 0x000000070ae00000| Untracked 
|  70|0x000000070b000000, 0x000000070b000000, 0x000000070b200000|  0%| F|  |TAMS 0x000000070b000000, 0x000000070b000000| Untracked 
|  71|0x000000070b200000, 0x000000070b200000, 0x000000070b400000|  0%| F|  |TAMS 0x000000070b200000, 0x000000070b200000| Untracked 
|  72|0x000000070b400000, 0x000000070b400000, 0x000000070b600000|  0%| F|  |TAMS 0x000000070b400000, 0x000000070b400000| Untracked 
|  73|0x000000070b600000, 0x000000070b600000, 0x000000070b800000|  0%| F|  |TAMS 0x000000070b600000, 0x000000070b600000| Untracked 
|  74|0x000000070b800000, 0x000000070b800000, 0x000000070ba00000|  0%| F|  |TAMS 0x000000070b800000, 0x000000070b800000| Untracked 
|  75|0x000000070ba00000, 0x000000070ba00000, 0x000000070bc00000|  0%| F|  |TAMS 0x000000070ba00000, 0x000000070ba00000| Untracked 
|  76|0x000000070bc00000, 0x000000070bc00000, 0x000000070be00000|  0%| F|  |TAMS 0x000000070bc00000, 0x000000070bc00000| Untracked 
|  77|0x000000070be00000, 0x000000070be00000, 0x000000070c000000|  0%| F|  |TAMS 0x000000070be00000, 0x000000070be00000| Untracked 
|  78|0x000000070c000000, 0x000000070c000000, 0x000000070c200000|  0%| F|  |TAMS 0x000000070c000000, 0x000000070c000000| Untracked 
|  79|0x000000070c200000, 0x000000070c200000, 0x000000070c400000|  0%| F|  |TAMS 0x000000070c200000, 0x000000070c200000| Untracked 
|  80|0x000000070c400000, 0x000000070c400000, 0x000000070c600000|  0%| F|  |TAMS 0x000000070c400000, 0x000000070c400000| Untracked 
|  81|0x000000070c600000, 0x000000070c600000, 0x000000070c800000|  0%| F|  |TAMS 0x000000070c600000, 0x000000070c600000| Untracked 
|  82|0x000000070c800000, 0x000000070c800000, 0x000000070ca00000|  0%| F|  |TAMS 0x000000070c800000, 0x000000070c800000| Untracked 
|  83|0x000000070ca00000, 0x000000070ca00000, 0x000000070cc00000|  0%| F|  |TAMS 0x000000070ca00000, 0x000000070ca00000| Untracked 
|  84|0x000000070cc00000, 0x000000070cc00000, 0x000000070ce00000|  0%| F|  |TAMS 0x000000070cc00000, 0x000000070cc00000| Untracked 
|  85|0x000000070ce00000, 0x000000070ce00000, 0x000000070d000000|  0%| F|  |TAMS 0x000000070ce00000, 0x000000070ce00000| Untracked 
|  86|0x000000070d000000, 0x000000070d000000, 0x000000070d200000|  0%| F|  |TAMS 0x000000070d000000, 0x000000070d000000| Untracked 
|  87|0x000000070d200000, 0x000000070d200000, 0x000000070d400000|  0%| F|  |TAMS 0x000000070d200000, 0x000000070d200000| Untracked 
|  88|0x000000070d400000, 0x000000070d400000, 0x000000070d600000|  0%| F|  |TAMS 0x000000070d400000, 0x000000070d400000| Untracked 
|  89|0x000000070d600000, 0x000000070d600000, 0x000000070d800000|  0%| F|  |TAMS 0x000000070d600000, 0x000000070d600000| Untracked 
|  90|0x000000070d800000, 0x000000070d800000, 0x000000070da00000|  0%| F|  |TAMS 0x000000070d800000, 0x000000070d800000| Untracked 
|  91|0x000000070da00000, 0x000000070da00000, 0x000000070dc00000|  0%| F|  |TAMS 0x000000070da00000, 0x000000070da00000| Untracked 
|  92|0x000000070dc00000, 0x000000070dc00000, 0x000000070de00000|  0%| F|  |TAMS 0x000000070dc00000, 0x000000070dc00000| Untracked 
|  93|0x000000070de00000, 0x000000070de00000, 0x000000070e000000|  0%| F|  |TAMS 0x000000070de00000, 0x000000070de00000| Untracked 
|  94|0x000000070e000000, 0x000000070e000000, 0x000000070e200000|  0%| F|  |TAMS 0x000000070e000000, 0x000000070e000000| Untracked 
|  95|0x000000070e200000, 0x000000070e200000, 0x000000070e400000|  0%| F|  |TAMS 0x000000070e200000, 0x000000070e200000| Untracked 
|  96|0x000000070e400000, 0x000000070e400000, 0x000000070e600000|  0%| F|  |TAMS 0x000000070e400000, 0x000000070e400000| Untracked 
|  97|0x000000070e600000, 0x000000070e600000, 0x000000070e800000|  0%| F|  |TAMS 0x000000070e600000, 0x000000070e600000| Untracked 
|  98|0x000000070e800000, 0x000000070e800000, 0x000000070ea00000|  0%| F|  |TAMS 0x000000070e800000, 0x000000070e800000| Untracked 
|  99|0x000000070ea00000, 0x000000070ea00000, 0x000000070ec00000|  0%| F|  |TAMS 0x000000070ea00000, 0x000000070ea00000| Untracked 
| 100|0x000000070ec00000, 0x000000070ec00000, 0x000000070ee00000|  0%| F|  |TAMS 0x000000070ec00000, 0x000000070ec00000| Untracked 
| 101|0x000000070ee00000, 0x000000070ee00000, 0x000000070f000000|  0%| F|  |TAMS 0x000000070ee00000, 0x000000070ee00000| Untracked 
| 102|0x000000070f000000, 0x000000070f000000, 0x000000070f200000|  0%| F|  |TAMS 0x000000070f000000, 0x000000070f000000| Untracked 
| 103|0x000000070f200000, 0x000000070f200000, 0x000000070f400000|  0%| F|  |TAMS 0x000000070f200000, 0x000000070f200000| Untracked 
| 104|0x000000070f400000, 0x000000070f400000, 0x000000070f600000|  0%| F|  |TAMS 0x000000070f400000, 0x000000070f400000| Untracked 
| 105|0x000000070f600000, 0x000000070f600000, 0x000000070f800000|  0%| F|  |TAMS 0x000000070f600000, 0x000000070f600000| Untracked 
| 106|0x000000070f800000, 0x000000070f800000, 0x000000070fa00000|  0%| F|  |TAMS 0x000000070f800000, 0x000000070f800000| Untracked 
| 107|0x000000070fa00000, 0x000000070fa00000, 0x000000070fc00000|  0%| F|  |TAMS 0x000000070fa00000, 0x000000070fa00000| Untracked 
| 108|0x000000070fc00000, 0x000000070fc00000, 0x000000070fe00000|  0%| F|  |TAMS 0x000000070fc00000, 0x000000070fc00000| Untracked 
| 109|0x000000070fe00000, 0x000000070fe00000, 0x0000000710000000|  0%| F|  |TAMS 0x000000070fe00000, 0x000000070fe00000| Untracked 
| 110|0x0000000710000000, 0x0000000710000000, 0x0000000710200000|  0%| F|  |TAMS 0x0000000710000000, 0x0000000710000000| Untracked 
| 111|0x0000000710200000, 0x0000000710200000, 0x0000000710400000|  0%| F|  |TAMS 0x0000000710200000, 0x0000000710200000| Untracked 
| 112|0x0000000710400000, 0x0000000710400000, 0x0000000710600000|  0%| F|  |TAMS 0x0000000710400000, 0x0000000710400000| Untracked 
| 113|0x0000000710600000, 0x0000000710600000, 0x0000000710800000|  0%| F|  |TAMS 0x0000000710600000, 0x0000000710600000| Untracked 
| 114|0x0000000710800000, 0x0000000710877fd0, 0x0000000710a00000| 23%| S|CS|TAMS 0x0000000710800000, 0x0000000710800000| Complete 
| 115|0x0000000710a00000, 0x0000000710c00000, 0x0000000710c00000|100%| S|CS|TAMS 0x0000000710a00000, 0x0000000710a00000| Complete 
| 116|0x0000000710c00000, 0x0000000710dd6960, 0x0000000710e00000| 91%| E|  |TAMS 0x0000000710c00000, 0x0000000710c00000| Complete 
| 117|0x0000000710e00000, 0x0000000711000000, 0x0000000711000000|100%| E|CS|TAMS 0x0000000710e00000, 0x0000000710e00000| Complete 
| 118|0x0000000711000000, 0x0000000711200000, 0x0000000711200000|100%| E|CS|TAMS 0x0000000711000000, 0x0000000711000000| Complete 
| 119|0x0000000711200000, 0x0000000711400000, 0x0000000711400000|100%| E|CS|TAMS 0x0000000711200000, 0x0000000711200000| Complete 
| 120|0x0000000711400000, 0x0000000711600000, 0x0000000711600000|100%| E|CS|TAMS 0x0000000711400000, 0x0000000711400000| Complete 
| 121|0x0000000711600000, 0x0000000711800000, 0x0000000711800000|100%| E|CS|TAMS 0x0000000711600000, 0x0000000711600000| Complete 
| 122|0x0000000711800000, 0x0000000711a00000, 0x0000000711a00000|100%| E|CS|TAMS 0x0000000711800000, 0x0000000711800000| Complete 
| 123|0x0000000711a00000, 0x0000000711c00000, 0x0000000711c00000|100%| E|CS|TAMS 0x0000000711a00000, 0x0000000711a00000| Complete 
| 124|0x0000000711c00000, 0x0000000711e00000, 0x0000000711e00000|100%| E|CS|TAMS 0x0000000711c00000, 0x0000000711c00000| Complete 
| 125|0x0000000711e00000, 0x0000000712000000, 0x0000000712000000|100%| E|CS|TAMS 0x0000000711e00000, 0x0000000711e00000| Complete 
| 126|0x0000000712000000, 0x0000000712200000, 0x0000000712200000|100%| E|CS|TAMS 0x0000000712000000, 0x0000000712000000| Complete 

Card table byte_map: [0x000001619ab60000,0x000001619b350000] _byte_map_base: 0x000001619734e000

Marking Bits (Prev, Next): (CMBitMap*) 0x00000161856ab460, (CMBitMap*) 0x00000161856ab4a0
 Prev Bits: [0x000001619bb40000, 0x000001619fab0000)
 Next Bits: [0x000001619fab0000, 0x00000161a3a20000)

Polling page: 0x0000016185770000

Metaspace:

Usage:
  Non-class:     13.58 MB used.
      Class:      1.50 MB used.
       Both:     15.07 MB used.

Virtual space:
  Non-class space:       16.00 MB reserved,      13.69 MB ( 86%) committed,  2 nodes.
      Class space:        1.00 GB reserved,       1.56 MB ( <1%) committed,  1 nodes.
             Both:        1.02 GB reserved,      15.25 MB (  1%) committed. 

Chunk freelists:
   Non-Class:  2.16 MB
       Class:  2.45 MB
        Both:  4.60 MB

MaxMetaspaceSize: unlimited
CompressedClassSpaceSize: 1.00 GB
Initial GC threshold: 21.00 MB
Current GC threshold: 21.00 MB
CDS: off
MetaspaceReclaimPolicy: balanced
 - commit_granule_bytes: 65536.
 - commit_granule_words: 8192.
 - virtual_space_node_default_size: 1048576.
 - enlarge_chunks_in_place: 1.
 - new_chunks_are_fully_committed: 0.
 - uncommit_free_chunks: 1.
 - use_allocation_guard: 0.
 - handle_deallocations: 1.


Internal statistics:

num_allocs_failed_limit: 0.
num_arena_births: 80.
num_arena_deaths: 0.
num_vsnodes_births: 3.
num_vsnodes_deaths: 0.
num_space_committed: 244.
num_space_uncommitted: 0.
num_chunks_returned_to_freelist: 0.
num_chunks_taken_from_freelist: 285.
num_chunk_merges: 0.
num_chunk_splits: 144.
num_chunks_enlarged: 90.
num_purges: 0.
num_inconsistent_stats: 0.

CodeHeap 'non-profiled nmethods': size=120000Kb used=560Kb max_used=560Kb free=119439Kb
 bounds [0x00000161928f0000, 0x0000016192b60000, 0x0000016199e20000]
CodeHeap 'profiled nmethods': size=120000Kb used=2998Kb max_used=2998Kb free=117001Kb
 bounds [0x000001618b3c0000, 0x000001618b6b0000, 0x00000161928f0000]
CodeHeap 'non-nmethods': size=5760Kb used=1244Kb max_used=1267Kb free=4516Kb
 bounds [0x000001618ae20000, 0x000001618b090000, 0x000001618b3c0000]
 total_blobs=1880 nmethods=1423 adapters=370
 compilation: enabled
              stopped_count=0, restarted_count=0
 full_count=0

Compilation events (20 events):
Event: 0.674 Thread 0x00000161a70889e0 nmethod 1413 0x000001618b6a8210 code [0x000001618b6a85a0, 0x000001618b6a9b08]
Event: 0.674 Thread 0x00000161a70889e0 1415       3       jdk.internal.org.objectweb.asm.ClassReader::readShort (27 bytes)
Event: 0.674 Thread 0x00000161a70889e0 nmethod 1415 0x000001618b6aa390 code [0x000001618b6aa520, 0x000001618b6aa698]
Event: 0.675 Thread 0x00000161a70889e0 1416       3       java.lang.invoke.MemberName::<init> (50 bytes)
Event: 0.675 Thread 0x00000161a70889e0 nmethod 1416 0x000001618b6aa790 code [0x000001618b6aa960, 0x000001618b6aac78]
Event: 0.675 Thread 0x00000161a70889e0 1417   !   3       java.lang.invoke.MethodHandle::setVarargs (25 bytes)
Event: 0.675 Thread 0x00000161a70889e0 nmethod 1417 0x000001618b6aae10 code [0x000001618b6ab020, 0x000001618b6ab6f8]
Event: 0.675 Thread 0x00000161a70889e0 1418       3       java.lang.invoke.MemberName::isVarargs (23 bytes)
Event: 0.675 Thread 0x00000161a70889e0 nmethod 1418 0x000001618b6ab910 code [0x000001618b6abae0, 0x000001618b6abf78]
Event: 0.675 Thread 0x00000161a70889e0 1419       3       java.lang.Module::implIsExportedOrOpen (92 bytes)
Event: 0.675 Thread 0x00000161a70889e0 nmethod 1419 0x000001618b6ac110 code [0x000001618b6ac340, 0x000001618b6aca78]
Event: 0.675 Thread 0x00000161a70889e0 1420       3       java.util.stream.PipelineHelper::<init> (5 bytes)
Event: 0.675 Thread 0x00000161a70889e0 nmethod 1420 0x000001618b6acc90 code [0x000001618b6ace20, 0x000001618b6acf78]
Event: 0.675 Thread 0x00000161a70880e0 1421       4       java.lang.String::replace (42 bytes)
Event: 0.676 Thread 0x00000161a70889e0 1422       3       org.junit.platform.commons.util.Preconditions::condition (14 bytes)
Event: 0.676 Thread 0x00000161a70889e0 nmethod 1422 0x000001618b6ad010 code [0x000001618b6ad1c0, 0x000001618b6ad3c8]
Event: 0.676 Thread 0x00000161a70889e0 1423       3       java.lang.String::valueOf (15 bytes)
Event: 0.676 Thread 0x00000161a70889e0 nmethod 1423 0x000001618b6ad510 code [0x000001618b6ad6c0, 0x000001618b6ad8e8]
Event: 0.683 Thread 0x00000161a70880e0 nmethod 1421 0x0000016192975310 code [0x00000161929754a0, 0x0000016192975a98]
Event: 0.691 Thread 0x00000161a7b74290 nmethod 1338 0x0000016192975e10 code [0x0000016192976120, 0x000001619297a040]

GC Heap History (2 events):
Event: 0.496 GC heap before
{Heap before GC invocations=0 (full 0):
 garbage-first heap   total 260096K, used 22528K [0x0000000702400000, 0x0000000800000000)
  region size 2048K, 11 young (22528K), 0 survivors (0K)
 Metaspace       used 11843K, committed 11968K, reserved 1064960K
  class space    used 1081K, committed 1152K, reserved 1048576K
}
Event: 0.498 GC heap after
{Heap after GC invocations=1 (full 0):
 garbage-first heap   total 260096K, used 2527K [0x0000000702400000, 0x0000000800000000)
  region size 2048K, 2 young (4096K), 2 survivors (4096K)
 Metaspace       used 11843K, committed 11968K, reserved 1064960K
  class space    used 1081K, committed 1152K, reserved 1048576K
}

Deoptimization events (20 events):
Event: 0.594 Thread 0x000001618776eba0 DEOPT PACKING pc=0x000001618b4510be sp=0x0000003d62bfd860
Event: 0.594 Thread 0x000001618776eba0 DEOPT UNPACKING pc=0x000001618ae76763 sp=0x0000003d62bfccd8 mode 0
Event: 0.664 Thread 0x000001618776eba0 Uncommon trap: trap_request=0xffffffde fr.pc=0x00000161929733c8 relative=0x0000000000000128
Event: 0.664 Thread 0x000001618776eba0 Uncommon trap: reason=class_check action=maybe_recompile pc=0x00000161929733c8 method=jdk.internal.misc.Unsafe.allocateUninitializedArray(Ljava/lang/Class;I)Ljava/lang/Object; @ 51 c2
Event: 0.664 Thread 0x000001618776eba0 DEOPT PACKING pc=0x00000161929733c8 sp=0x0000003d62bfd7a0
Event: 0.664 Thread 0x000001618776eba0 DEOPT UNPACKING pc=0x000001618ae75c23 sp=0x0000003d62bfd728 mode 2
Event: 0.664 Thread 0x000001618776eba0 Uncommon trap: trap_request=0xffffffde fr.pc=0x00000161929733c8 relative=0x0000000000000128
Event: 0.664 Thread 0x000001618776eba0 Uncommon trap: reason=class_check action=maybe_recompile pc=0x00000161929733c8 method=jdk.internal.misc.Unsafe.allocateUninitializedArray(Ljava/lang/Class;I)Ljava/lang/Object; @ 51 c2
Event: 0.664 Thread 0x000001618776eba0 DEOPT PACKING pc=0x00000161929733c8 sp=0x0000003d62bfd710
Event: 0.664 Thread 0x000001618776eba0 DEOPT UNPACKING pc=0x000001618ae75c23 sp=0x0000003d62bfd698 mode 2
Event: 0.664 Thread 0x000001618776eba0 Uncommon trap: trap_request=0xffffffde fr.pc=0x00000161929733c8 relative=0x0000000000000128
Event: 0.664 Thread 0x000001618776eba0 Uncommon trap: reason=class_check action=maybe_recompile pc=0x00000161929733c8 method=jdk.internal.misc.Unsafe.allocateUninitializedArray(Ljava/lang/Class;I)Ljava/lang/Object; @ 51 c2
Event: 0.664 Thread 0x000001618776eba0 DEOPT PACKING pc=0x00000161929733c8 sp=0x0000003d62bfd7d0
Event: 0.664 Thread 0x000001618776eba0 DEOPT UNPACKING pc=0x000001618ae75c23 sp=0x0000003d62bfd758 mode 2
Event: 0.664 Thread 0x000001618776eba0 Uncommon trap: trap_request=0xffffffde fr.pc=0x00000161929733c8 relative=0x0000000000000128
Event: 0.664 Thread 0x000001618776eba0 Uncommon trap: reason=class_check action=maybe_recompile pc=0x00000161929733c8 method=jdk.internal.misc.Unsafe.allocateUninitializedArray(Ljava/lang/Class;I)Ljava/lang/Object; @ 51 c2
Event: 0.664 Thread 0x000001618776eba0 DEOPT PACKING pc=0x00000161929733c8 sp=0x0000003d62bfd4d0
Event: 0.664 Thread 0x000001618776eba0 DEOPT UNPACKING pc=0x000001618ae75c23 sp=0x0000003d62bfd458 mode 2
Event: 0.666 Thread 0x000001618776eba0 DEOPT PACKING pc=0x000001618b46477b sp=0x0000003d62bf9fd0
Event: 0.666 Thread 0x000001618776eba0 DEOPT UNPACKING pc=0x000001618ae76763 sp=0x0000003d62bf94f8 mode 0

Classes unloaded (0 events):
No events

Classes redefined (5 events):
Event: 124.648 Thread 0x00000161a667dc30 redefined class name=p2Grafos.Graph, count=1
Event: 236.073 Thread 0x00000161a667dc30 redefined class name=p2Grafos.Graph, count=2
Event: 355.573 Thread 0x00000161a667dc30 redefined class name=p2Grafos.Graph, count=3
Event: 366.942 Thread 0x00000161a667dc30 redefined class name=p2Grafos.Graph, count=4
Event: 490.466 Thread 0x00000161a667dc30 redefined class name=p2Grafos.Graph, count=5

Internal exceptions (20 events):
Event: 0.491 Thread 0x000001618776eba0 Exception <a 'java/lang/IncompatibleClassChangeError'{0x0000000710d2c710}: Found class java.lang.Object, but interface was expected> (0x0000000710d2c710) 
thrown [e:\jenkins\tmp\workspace\build\src\src\hotspot\share\interpreter\linkResolver.cpp, line 833]
Event: 0.503 Thread 0x000001618776eba0 Exception <a 'java/lang/NoSuchMethodError'{0x00000007120bc680}: 'java.lang.Object java.lang.invoke.DirectMethodHandle$Holder.invokeStaticInit(java.lang.Object, java.lang.Object, java.lang.Object)'> (0x00000007120bc680) 
thrown [e:\jenkins\tmp\workspace\build\src\src\hotspot\share\interpreter\linkResolver.cpp, line 766]
Event: 0.503 Thread 0x000001618776eba0 Exception <a 'java/lang/NoSuchMethodError'{0x00000007120c3938}: 'void java.lang.invoke.DirectMethodHandle$Holder.invokeStaticInit(java.lang.Object, java.lang.Object, java.lang.Object)'> (0x00000007120c3938) 
thrown [e:\jenkins\tmp\workspace\build\src\src\hotspot\share\interpreter\linkResolver.cpp, line 766]
Event: 0.513 Thread 0x000001618776eba0 Exception <a 'java/lang/NoSuchMethodError'{0x0000000712173780}: 'java.lang.Object java.lang.invoke.DirectMethodHandle$Holder.newInvokeSpecial(java.lang.Object, java.lang.Object, java.lang.Object, java.lang.Object, java.lang.Object)'> (0x0000000712173780) 
thrown [e:\jenkins\tmp\workspace\build\src\src\hotspot\share\interpreter\linkResolver.cpp, line 766]
Event: 0.526 Thread 0x000001618776eba0 Exception <a 'java/lang/NoSuchMethodError'{0x0000000711f869e0}: 'void java.lang.invoke.DirectMethodHandle$Holder.invokeInterface(java.lang.Object, java.lang.Object, java.lang.Object)'> (0x0000000711f869e0) 
thrown [e:\jenkins\tmp\workspace\build\src\src\hotspot\share\interpreter\linkResolver.cpp, line 766]
Event: 0.527 Thread 0x000001618776eba0 Exception <a 'java/lang/IncompatibleClassChangeError'{0x0000000711f8a048}: Found class java.lang.Object, but interface was expected> (0x0000000711f8a048) 
thrown [e:\jenkins\tmp\workspace\build\src\src\hotspot\share\interpreter\linkResolver.cpp, line 833]
Event: 0.532 Thread 0x000001618776eba0 Exception <a 'java/lang/NoSuchMethodError'{0x0000000711cd3e28}: 'java.lang.Object java.lang.invoke.DirectMethodHandle$Holder.invokeStatic(java.lang.Object, java.lang.Object, int)'> (0x0000000711cd3e28) 
thrown [e:\jenkins\tmp\workspace\build\src\src\hotspot\share\interpreter\linkResolver.cpp, line 766]
Event: 0.577 Thread 0x000001618776eba0 Exception <a 'java/lang/NoSuchMethodError'{0x00000007119b44b8}: 'java.lang.Object java.lang.invoke.DirectMethodHandle$Holder.invokeInterface(java.lang.Object, java.lang.Object)'> (0x00000007119b44b8) 
thrown [e:\jenkins\tmp\workspace\build\src\src\hotspot\share\interpreter\linkResolver.cpp, line 766]
Event: 0.577 Thread 0x000001618776eba0 Exception <a 'java/lang/IncompatibleClassChangeError'{0x00000007119b7f58}: Found class java.lang.Object, but interface was expected> (0x00000007119b7f58) 
thrown [e:\jenkins\tmp\workspace\build\src\src\hotspot\share\interpreter\linkResolver.cpp, line 833]
Event: 0.595 Thread 0x000001618776eba0 Exception <a 'java/lang/NoSuchMethodError'{0x00000007117a8b18}: 'java.lang.Object java.lang.invoke.DirectMethodHandle$Holder.invokeSpecialIFC(java.lang.Object, java.lang.Object, java.lang.Object, java.lang.Object)'> (0x00000007117a8b18) 
thrown [e:\jenkins\tmp\workspace\build\src\src\hotspot\share\interpreter\linkResolver.cpp, line 766]
Event: 0.604 Thread 0x000001618776eba0 Exception <a 'java/lang/NoSuchMethodError'{0x000000071144d680}: 'int java.lang.invoke.DirectMethodHandle$Holder.invokeStatic(java.lang.Object, java.lang.Object, java.lang.Object, java.lang.Object)'> (0x000000071144d680) 
thrown [e:\jenkins\tmp\workspace\build\src\src\hotspot\share\interpreter\linkResolver.cpp, line 766]
Event: 0.606 Thread 0x000001618776eba0 Exception <a 'java/lang/NoSuchMethodError'{0x000000071148e460}: 'void java.lang.invoke.DirectMethodHandle$Holder.invokeSpecial(java.lang.Object, java.lang.Object, java.lang.Object, java.lang.Object, java.lang.Object)'> (0x000000071148e460) 
thrown [e:\jenkins\tmp\workspace\build\src\src\hotspot\share\interpreter\linkResolver.cpp, line 766]
Event: 0.618 Thread 0x000001618776eba0 Exception <a 'java/lang/NoSuchMethodError'{0x000000071153f380}: 'java.lang.Object java.lang.invoke.DirectMethodHandle$Holder.newInvokeSpecial(java.lang.Object, java.lang.Object, int)'> (0x000000071153f380) 
thrown [e:\jenkins\tmp\workspace\build\src\src\hotspot\share\interpreter\linkResolver.cpp, line 766]
Event: 0.624 Thread 0x000001618776eba0 Exception <a 'java/lang/NoSuchMethodError'{0x00000007115b2ad8}: 'void java.lang.invoke.DirectMethodHandle$Holder.invokeInterface(java.lang.Object, java.lang.Object, java.lang.Object, java.lang.Object)'> (0x00000007115b2ad8) 
thrown [e:\jenkins\tmp\workspace\build\src\src\hotspot\share\interpreter\linkResolver.cpp, line 766]
Event: 0.624 Thread 0x000001618776eba0 Exception <a 'java/lang/IncompatibleClassChangeError'{0x00000007115b6400}: Found class java.lang.Object, but interface was expected> (0x00000007115b6400) 
thrown [e:\jenkins\tmp\workspace\build\src\src\hotspot\share\interpreter\linkResolver.cpp, line 833]
Event: 0.626 Thread 0x000001618776eba0 Exception <a 'java/lang/NoSuchMethodError'{0x00000007115dad78}: 'void java.lang.invoke.DirectMethodHandle$Holder.invokeStatic(java.lang.Object, java.lang.Object, java.lang.Object, java.lang.Object)'> (0x00000007115dad78) 
thrown [e:\jenkins\tmp\workspace\build\src\src\hotspot\share\interpreter\linkResolver.cpp, line 766]
Event: 0.632 Thread 0x000001618776eba0 Exception <a 'java/lang/NoSuchMethodError'{0x00000007112bf7b8}: 'java.lang.Object java.lang.invoke.Invokers$Holder.invokeExact_MT(java.lang.Object, java.lang.Object, java.lang.Object, java.lang.Object, java.lang.Object, java.lang.Object)'> (0x00000007112bf7b8) 
thrown [e:\jenkins\tmp\workspace\build\src\src\hotspot\share\interpreter\linkResolver.cpp, line 766]
Event: 0.633 Thread 0x000001618776eba0 Exception <a 'java/lang/NoSuchMethodError'{0x00000007112cff68}: 'int java.lang.invoke.DirectMethodHandle$Holder.invokeStatic(java.lang.Object, java.lang.Object, java.lang.Object, java.lang.Object, java.lang.Object)'> (0x00000007112cff68) 
thrown [e:\jenkins\tmp\workspace\build\src\src\hotspot\share\interpreter\linkResolver.cpp, line 766]
Event: 0.637 Thread 0x000001618776eba0 Exception <a 'java/lang/NoSuchMethodError'{0x00000007113477a8}: 'void java.lang.invoke.DirectMethodHandle$Holder.invokeStaticInit(java.lang.Object)'> (0x00000007113477a8) 
thrown [e:\jenkins\tmp\workspace\build\src\src\hotspot\share\interpreter\linkResolver.cpp, line 766]
Event: 0.675 Thread 0x000001618776eba0 Exception <a 'java/lang/NoSuchMethodError'{0x0000000710faabf0}: 'int java.lang.invoke.DirectMethodHandle$Holder.invokeSpecial(java.lang.Object, java.lang.Object, java.lang.Object, java.lang.Object)'> (0x0000000710faabf0) 
thrown [e:\jenkins\tmp\workspace\build\src\src\hotspot\share\interpreter\linkResolver.cpp, line 766]

VM Operations (20 events):
Event: 124.711 Executing VM operation: get/set locals
Event: 124.711 Executing VM operation: get/set locals done
Event: 236.072 Executing VM operation: RedefineClasses
Event: 236.076 Executing VM operation: RedefineClasses done
Event: 236.080 Executing VM operation: ChangeBreakpoints
Event: 236.081 Executing VM operation: ChangeBreakpoints done
Event: 340.771 Executing VM operation: get/set locals
Event: 340.771 Executing VM operation: get/set locals done
Event: 355.571 Executing VM operation: RedefineClasses
Event: 355.575 Executing VM operation: RedefineClasses done
Event: 355.580 Executing VM operation: ChangeBreakpoints
Event: 355.580 Executing VM operation: ChangeBreakpoints done
Event: 366.941 Executing VM operation: RedefineClasses
Event: 366.945 Executing VM operation: RedefineClasses done
Event: 366.951 Executing VM operation: ChangeBreakpoints
Event: 366.951 Executing VM operation: ChangeBreakpoints done
Event: 490.465 Executing VM operation: RedefineClasses
Event: 490.469 Executing VM operation: RedefineClasses done
Event: 490.473 Executing VM operation: ChangeBreakpoints
Event: 490.473 Executing VM operation: ChangeBreakpoints done

Events (20 events):
Event: 14.326 loading class java/util/OptionalInt
Event: 14.326 loading class java/util/OptionalInt done
Event: 14.328 loading class java/util/stream/IntPipeline$10$1
Event: 14.328 loading class java/util/stream/Sink$ChainedInt
Event: 14.328 loading class java/util/stream/Sink$ChainedInt done
Event: 14.328 loading class java/util/stream/IntPipeline$10$1 done
Event: 14.329 loading class java/lang/StringUTF16$CharsSpliterator
Event: 14.329 loading class java/lang/StringUTF16$CharsSpliterator done
Event: 14.329 loading class java/lang/CharacterData00
Event: 14.329 loading class java/lang/CharacterData00 done
Event: 14.331 loading class java/text/DontCareFieldPosition
Event: 14.331 loading class java/text/DontCareFieldPosition done
Event: 14.331 loading class java/text/DontCareFieldPosition$1
Event: 14.331 loading class java/text/Format$FieldDelegate
Event: 14.331 loading class java/text/Format$FieldDelegate done
Event: 14.331 loading class java/text/DontCareFieldPosition$1 done
Event: 14.332 loading class jdk/internal/math/FDBigInteger
Event: 14.332 loading class jdk/internal/math/FDBigInteger done
Event: 14.332 loading class java/text/NumberFormat$Field
Event: 14.332 loading class java/text/NumberFormat$Field done


Dynamic libraries:
0x00007ff7d4730000 - 0x00007ff7d473e000 	C:\Users\enolm\eclipse\java 2022-03\eclipse\plugins\org.eclipse.justj.openjdk.hotspot.jre.full.win32.x86_64_17.0.2.v20220201-1208\jre\bin\javaw.exe
0x00007ffb2a4a0000 - 0x00007ffb2a6a9000 	C:\WINDOWS\SYSTEM32\ntdll.dll
0x00007ffb299d0000 - 0x00007ffb29a8d000 	C:\WINDOWS\System32\KERNEL32.DLL
0x00007ffb27fa0000 - 0x00007ffb2831b000 	C:\WINDOWS\System32\KERNELBASE.dll
0x00007ffb27970000 - 0x00007ffb27a81000 	C:\WINDOWS\System32\ucrtbase.dll
0x00007ffb23dc0000 - 0x00007ffb23dd9000 	C:\Users\enolm\eclipse\java 2022-03\eclipse\plugins\org.eclipse.justj.openjdk.hotspot.jre.full.win32.x86_64_17.0.2.v20220201-1208\jre\bin\VCRUNTIME140.dll
0x00007ffb23ce0000 - 0x00007ffb23cf8000 	C:\Users\enolm\eclipse\java 2022-03\eclipse\plugins\org.eclipse.justj.openjdk.hotspot.jre.full.win32.x86_64_17.0.2.v20220201-1208\jre\bin\jli.dll
0x00007ffb292c0000 - 0x00007ffb2946d000 	C:\WINDOWS\System32\USER32.dll
0x00007ffb0c560000 - 0x00007ffb0c805000 	C:\WINDOWS\WinSxS\amd64_microsoft.windows.common-controls_6595b64144ccf1df_6.0.22000.120_none_9d947278b86cc467\COMCTL32.dll
0x00007ffb27de0000 - 0x00007ffb27e06000 	C:\WINDOWS\System32\win32u.dll
0x00007ffb29a90000 - 0x00007ffb29b33000 	C:\WINDOWS\System32\msvcrt.dll
0x00007ffb29d30000 - 0x00007ffb29d59000 	C:\WINDOWS\System32\GDI32.dll
0x00007ffb27e10000 - 0x00007ffb27f28000 	C:\WINDOWS\System32\gdi32full.dll
0x00007ffb27c00000 - 0x00007ffb27c9d000 	C:\WINDOWS\System32\msvcp_win.dll
0x00007ffb29d60000 - 0x00007ffb29d91000 	C:\WINDOWS\System32\IMM32.DLL
0x00007ffb23cd0000 - 0x00007ffb23cdc000 	C:\Users\enolm\eclipse\java 2022-03\eclipse\plugins\org.eclipse.justj.openjdk.hotspot.jre.full.win32.x86_64_17.0.2.v20220201-1208\jre\bin\vcruntime140_1.dll
0x00007ffb1a490000 - 0x00007ffb1a521000 	C:\Users\enolm\eclipse\java 2022-03\eclipse\plugins\org.eclipse.justj.openjdk.hotspot.jre.full.win32.x86_64_17.0.2.v20220201-1208\jre\bin\msvcp140.dll
0x00007ffab7d30000 - 0x00007ffab8977000 	C:\Users\enolm\eclipse\java 2022-03\eclipse\plugins\org.eclipse.justj.openjdk.hotspot.jre.full.win32.x86_64_17.0.2.v20220201-1208\jre\bin\server\jvm.dll
0x00007ffb29f30000 - 0x00007ffb29fde000 	C:\WINDOWS\System32\ADVAPI32.dll
0x00007ffb29b60000 - 0x00007ffb29bfe000 	C:\WINDOWS\System32\sechost.dll
0x00007ffb29da0000 - 0x00007ffb29ec0000 	C:\WINDOWS\System32\RPCRT4.dll
0x00007ffb2a450000 - 0x00007ffb2a458000 	C:\WINDOWS\System32\PSAPI.DLL
0x00007ffb21be0000 - 0x00007ffb21be9000 	C:\WINDOWS\SYSTEM32\WSOCK32.dll
0x00007ffb20230000 - 0x00007ffb2023a000 	C:\WINDOWS\SYSTEM32\VERSION.dll
0x00007ffb21a30000 - 0x00007ffb21a63000 	C:\WINDOWS\SYSTEM32\WINMM.dll
0x00007ffb29c60000 - 0x00007ffb29ccf000 	C:\WINDOWS\System32\WS2_32.dll
0x00007ffb26ae0000 - 0x00007ffb26af8000 	C:\WINDOWS\SYSTEM32\kernel.appcore.dll
0x00007ffb17490000 - 0x00007ffb1749a000 	C:\Users\enolm\eclipse\java 2022-03\eclipse\plugins\org.eclipse.justj.openjdk.hotspot.jre.full.win32.x86_64_17.0.2.v20220201-1208\jre\bin\jimage.dll
0x00007ffb25560000 - 0x00007ffb25781000 	C:\WINDOWS\SYSTEM32\DBGHELP.DLL
0x00007ffb1b8a0000 - 0x00007ffb1b8d1000 	C:\WINDOWS\SYSTEM32\dbgcore.DLL
0x00007ffb27ca0000 - 0x00007ffb27d1f000 	C:\WINDOWS\System32\bcryptPrimitives.dll
0x00007ffb23c90000 - 0x00007ffb23ccb000 	C:\Users\enolm\eclipse\java 2022-03\eclipse\plugins\org.eclipse.justj.openjdk.hotspot.jre.full.win32.x86_64_17.0.2.v20220201-1208\jre\bin\jdwp.dll
0x00007ffb22e20000 - 0x00007ffb22e2e000 	C:\Users\enolm\eclipse\java 2022-03\eclipse\plugins\org.eclipse.justj.openjdk.hotspot.jre.full.win32.x86_64_17.0.2.v20220201-1208\jre\bin\instrument.dll
0x00007ffb0f600000 - 0x00007ffb0f625000 	C:\Users\enolm\eclipse\java 2022-03\eclipse\plugins\org.eclipse.justj.openjdk.hotspot.jre.full.win32.x86_64_17.0.2.v20220201-1208\jre\bin\java.dll
0x00007ffb03e20000 - 0x00007ffb03e38000 	C:\Users\enolm\eclipse\java 2022-03\eclipse\plugins\org.eclipse.justj.openjdk.hotspot.jre.full.win32.x86_64_17.0.2.v20220201-1208\jre\bin\zip.dll
0x00007ffb28320000 - 0x00007ffb28ad8000 	C:\WINDOWS\System32\SHELL32.dll
0x00007ffb25a70000 - 0x00007ffb262d5000 	C:\WINDOWS\SYSTEM32\windows.storage.dll
0x00007ffb29fe0000 - 0x00007ffb2a357000 	C:\WINDOWS\System32\combase.dll
0x00007ffb25900000 - 0x00007ffb25a66000 	C:\WINDOWS\SYSTEM32\wintypes.dll
0x00007ffb291d0000 - 0x00007ffb292ba000 	C:\WINDOWS\System32\SHCORE.dll
0x00007ffb29080000 - 0x00007ffb290dd000 	C:\WINDOWS\System32\shlwapi.dll
0x00007ffb278a0000 - 0x00007ffb278c1000 	C:\WINDOWS\SYSTEM32\profapi.dll
0x00007ffb224f0000 - 0x00007ffb224fc000 	C:\Users\enolm\eclipse\java 2022-03\eclipse\plugins\org.eclipse.justj.openjdk.hotspot.jre.full.win32.x86_64_17.0.2.v20220201-1208\jre\bin\dt_socket.dll
0x00007ffb26610000 - 0x00007ffb2663d000 	C:\WINDOWS\SYSTEM32\IPHLPAPI.DLL
0x00007ffb26f80000 - 0x00007ffb26fe7000 	C:\WINDOWS\system32\mswsock.dll
0x00007ffb26640000 - 0x00007ffb26728000 	C:\WINDOWS\SYSTEM32\DNSAPI.dll
0x00007ffb29550000 - 0x00007ffb29559000 	C:\WINDOWS\System32\NSI.dll
0x00007ffb1e680000 - 0x00007ffb1e68a000 	C:\Windows\System32\rasadhlp.dll
0x00007ffb1f7d0000 - 0x00007ffb1f851000 	C:\WINDOWS\System32\fwpuclnt.dll
0x00007ffaee320000 - 0x00007ffaee339000 	C:\Users\enolm\eclipse\java 2022-03\eclipse\plugins\org.eclipse.justj.openjdk.hotspot.jre.full.win32.x86_64_17.0.2.v20220201-1208\jre\bin\net.dll
0x00007ffb216e0000 - 0x00007ffb217ec000 	C:\WINDOWS\SYSTEM32\WINHTTP.dll
0x00007ffaedd10000 - 0x00007ffaedd25000 	C:\Users\enolm\eclipse\java 2022-03\eclipse\plugins\org.eclipse.justj.openjdk.hotspot.jre.full.win32.x86_64_17.0.2.v20220201-1208\jre\bin\nio.dll
0x00007ffb0f5f0000 - 0x00007ffb0f600000 	C:\Users\enolm\eclipse\java 2022-03\eclipse\plugins\org.eclipse.justj.openjdk.hotspot.jre.full.win32.x86_64_17.0.2.v20220201-1208\jre\bin\verify.dll
0x00007ffb21a80000 - 0x00007ffb21a99000 	C:\WINDOWS\SYSTEM32\dhcpcsvc6.DLL
0x00007ffb21e90000 - 0x00007ffb21eae000 	C:\WINDOWS\SYSTEM32\dhcpcsvc.DLL

dbghelp: loaded successfully - version: 4.0.5 - missing functions: none
symbol engine: initialized successfully - sym options: 0x614 - pdb path: .;C:\Users\enolm\eclipse\java 2022-03\eclipse\plugins\org.eclipse.justj.openjdk.hotspot.jre.full.win32.x86_64_17.0.2.v20220201-1208\jre\bin;C:\WINDOWS\SYSTEM32;C:\WINDOWS\WinSxS\amd64_microsoft.windows.common-controls_6595b64144ccf1df_6.0.22000.120_none_9d947278b86cc467;C:\Users\enolm\eclipse\java 2022-03\eclipse\plugins\org.eclipse.justj.openjdk.hotspot.jre.full.win32.x86_64_17.0.2.v20220201-1208\jre\bin\server

VM Arguments:
jvm_args: -XX:+ShowCodeDetailsInExceptionMessages -agentlib:jdwp=transport=dt_socket,suspend=y,address=localhost:53890 -ea -javaagent:C:\Users\enolm\eclipse\java 2022-03\eclipse\configuration\org.eclipse.osgi\225\0\.cp\lib\javaagent-shaded.jar -Dfile.encoding=Cp1252 
java_command: org.eclipse.jdt.internal.junit.runner.RemoteTestRunner -version 3 -port 53889 -testLoaderClass org.eclipse.jdt.internal.junit5.runner.JUnit5TestLoader -loaderpluginname org.eclipse.jdt.junit5.runtime -classNames p2Grafos.GraphFloydTest
java_class_path (initial): C:\Users\enolm\Desktop\Workspace Old\Grafos\bin;C:\Users\enolm\eclipse\java 2022-03\eclipse\plugins\org.junit.jupiter.api_5.8.1.v20211018-1956.jar;C:\Users\enolm\eclipse\java 2022-03\eclipse\plugins\org.junit.jupiter.engine_5.8.1.v20211018-1956.jar;C:\Users\enolm\eclipse\java 2022-03\eclipse\plugins\org.junit.jupiter.migrationsupport_5.8.1.v20211018-1956.jar;C:\Users\enolm\eclipse\java 2022-03\eclipse\plugins\org.junit.jupiter.params_5.8.1.v20211018-1956.jar;C:\Users\enolm\eclipse\java 2022-03\eclipse\plugins\org.junit.platform.commons_1.8.1.v20211018-1956.jar;C:\Users\enolm\eclipse\java 2022-03\eclipse\plugins\org.junit.platform.engine_1.8.1.v20211018-1956.jar;C:\Users\enolm\eclipse\java 2022-03\eclipse\plugins\org.junit.platform.launcher_1.8.1.v20211018-1956.jar;C:\Users\enolm\eclipse\java 2022-03\eclipse\plugins\org.junit.platform.runner_1.8.1.v20211018-1956.jar;C:\Users\enolm\eclipse\java 2022-03\eclipse\plugins\org.junit.platform.suite.api_1.8.1.v20211018-1956.jar;C:\Users\enolm\eclipse\java 2022-03\eclipse\plugins\org.junit.platform.suite.engine_1.8.1.v20211028-1957.jar;C:\Users\enolm\eclipse\java 2022-03\eclipse\plugins\org.junit.platform.suite.commons_1.8.1.v20211018-1956.jar;C:\Users\enolm\eclipse\java 2022-03\eclipse\plugins\org.junit.vintage.engine_5.8.1.v20211018-1956.jar;C:\Users\enolm\eclipse\java 2022-03\eclipse\plugins\org.opentest4j_1.2.0.v20211018-1956.jar;C:\Users\enolm\eclipse\java 2022-03\eclipse\plugins\org.apiguardian_1.1.2.v20211018-1956.jar;C:\Users\enolm\eclipse\java 2022-03\eclipse\plugins\org.junit_4.13.2.v20211018-1956.jar;C:\Users\enolm\eclipse\java 2022-03\eclipse\plugins\org.hamcrest.core_1.3.0.v20180420-1519.jar;C:\Users\enolm\eclipse\java 2022-03\eclipse\configuration\org.eclipse.osgi\224\0\.cp;C:\Users\enolm\eclipse\java 2022-03\eclipse\configuration\org.eclipse.osgi\222\0\.cp
Launcher Type: SUN_STANDARD

[Global flags]
     intx CICompilerCount                          = 4                                         {product} {ergonomic}
     uint ConcGCThreads                            = 3                                         {product} {ergonomic}
     uint G1ConcRefinementThreads                  = 10                                        {product} {ergonomic}
   size_t G1HeapRegionSize                         = 2097152                                   {product} {ergonomic}
    uintx GCDrainStackTargetSize                   = 64                                        {product} {ergonomic}
   size_t InitialHeapSize                          = 266338304                                 {product} {ergonomic}
   size_t MarkStackSize                            = 4194304                                   {product} {ergonomic}
   size_t MaxHeapSize                              = 4257218560                                {product} {ergonomic}
   size_t MaxNewSize                               = 2554331136                                {product} {ergonomic}
   size_t MinHeapDeltaBytes                        = 2097152                                   {product} {ergonomic}
   size_t MinHeapSize                              = 8388608                                   {product} {ergonomic}
    uintx NonNMethodCodeHeapSize                   = 5839372                                {pd product} {ergonomic}
    uintx NonProfiledCodeHeapSize                  = 122909434                              {pd product} {ergonomic}
    uintx ProfiledCodeHeapSize                     = 122909434                              {pd product} {ergonomic}
    uintx ReservedCodeCacheSize                    = 251658240                              {pd product} {ergonomic}
     bool SegmentedCodeCache                       = true                                      {product} {ergonomic}
     bool ShowCodeDetailsInExceptionMessages       = true                                   {manageable} {command line}
   size_t SoftMaxHeapSize                          = 4257218560                             {manageable} {ergonomic}
     bool UseCompressedClassPointers               = true                           {product lp64_product} {ergonomic}
     bool UseCompressedOops                        = true                           {product lp64_product} {ergonomic}
     bool UseG1GC                                  = true                                      {product} {ergonomic}
     bool UseLargePagesIndividualAllocation        = false                                  {pd product} {ergonomic}

Logging:
Log output configuration:
 #0: stdout all=warning uptime,level,tags
 #1: stderr all=off uptime,level,tags

Environment Variables:
PATH=C:\Users\enolm\eclipse\java 2022-03\eclipse\plugins\org.eclipse.justj.openjdk.hotspot.jre.full.win32.x86_64_17.0.2.v20220201-1208\jre\bin;C:/Users/enolm/eclipse/java 2022-03/eclipse//plugins/org.eclipse.justj.openjdk.hotspot.jre.full.win32.x86_64_17.0.2.v20220201-1208/jre/bin/server;C:/Users/enolm/eclipse/java 2022-03/eclipse//plugins/org.eclipse.justj.openjdk.hotspot.jre.full.win32.x86_64_17.0.2.v20220201-1208/jre/bin;C:\Program Files (x86)\Common Files\Oracle\Java\javapath;C:\ProgramData\Oracle\Java\javapath;C:\Windows\system32;C:\Windows;C:\Windows\System32\Wbem;C:\Windows\System32\WindowsPowerShell\v1.0\;C:\Windows\System32\OpenSSH\;C:\Program Files (x86)\NVIDIA Corporation\PhysX\Common;C:\Program Files\NVIDIA Corporation\NVIDIA NvDLISR;C:\Program Files\Bandizip\;C:\WINDOWS\system32;C:\WINDOWS;C:\WINDOWS\System32\Wbem;C:\WINDOWS\System32\WindowsPowerShell\v1.0\;C:\WINDOWS\System32\OpenSSH\;C:\Program Files (x86)\Windows Live\Shared;C:\Program Files\dotnet\;C:\Program Files\WorldPainter;C:\Program Files\PuTTY\;C:\Users\enolm\AppData\Local\Microsoft\WindowsApps;C:\Users\enolm\AppData\Local\Programs\Microsoft VS Code\bin;C:\Users\enolm\.dotnet\tools;C:\Users\enolm\eclipse\java 2022-03\eclipse;
USERNAME=enolm
OS=Windows_NT
PROCESSOR_IDENTIFIER=Intel64 Family 6 Model 167 Stepping 1, GenuineIntel



---------------  S Y S T E M  ---------------

OS:
 Windows 11 , 64 bit Build 22000 (10.0.22000.708)
OS uptime: 0 days 0:53 hours

CPU: total 12 (initial active 12) (6 cores per cpu, 2 threads per core) family 6 model 167 stepping 1 microcode 0x24, cx8, cmov, fxsr, ht, mmx, 3dnowpref, sse, sse2, sse3, ssse3, sse4.1, sse4.2, popcnt, lzcnt, tsc, tscinvbit, avx, avx2, erms, clmul, bmi1, bmi2, adx, avx512f, avx512dq, avx512cd, avx512bw, avx512vl, sha, fma, vzeroupper, avx512_vpopcntdq, avx512_vpclmulqdq, avx512_vnni, clflush, clflushopt, avx512_vbmi2, avx512_vbmi

Memory: 4k page, system-wide physical 16237M (9137M free)
TotalPageFile size 18669M (AvailPageFile size 7902M)
current process WorkingSet (physical memory assigned to process): 80M, peak: 94M
current process commit charge ("private bytes"): 358M, peak: 370M

vm_info: OpenJDK 64-Bit Server VM (17.0.2+8) for windows-amd64 JRE (17.0.2+8), built on Jan 20 2022 04:52:34 by "" with MS VC++ 16.7 (VS2019)

END.
